<?xml version="1.0" encoding="UTF-8"?>
<testsuites name="home search by each field" time="94" tests="4" failures="0" errors="0">
   <testsuite name="home search by each field" tests="4" failures="0" errors="0" time="94" timestamp="2018-12-08 15:27:42" hostname="M.Kamel - 10.1.210.199" id="Test Suites/home search by each field">
      <properties>
         <property name="deviceName" value=""/>
         <property name="devicePlatform" value=""/>
         <property name="logFolder" value="C:\\Users\\M.Kamel\\git\\regression22\\Reports\\home search by each field\\20181208_152741"/>
         <property name="logFiles" value="C:\\Users\\M.Kamel\\git\\regression22\\Reports\\home search by each field\\20181208_152741\\execution0.log"/>
         <property name="attachments" value=""/>
         <property name="hostName" value="M.Kamel - 10.1.210.199"/>
         <property name="os" value="Windows 10 64bit"/>
         <property name="katalonVersion" value="5.8.6.1"/>
         <property name="browser" value="Chrome 70.0.3538.110"/>
         <property name="hostAddress" value="10.1.210.199"/>
         <property name="sessionId" value="2399d1655b551b7a69a955cd14fe20b3"/>
         <property name="seleniumVersion" value="3.7.1"/>
         <property name="proxyInformation" value="ProxyInformation{proxyOption=NO_PROXY, proxyServerType=HTTP, password=, proxyServerAddress=, proxyServerPort=0}"/>
         <property name="platform" value="Windows 10"/>
      </properties>
      <testcase name="Test Cases/Final/home search by school name" classname="Test Cases/Final/home search by school name" status="PASSED">
         <system-out><![CDATA[2018-12-08 15:27:42 - [TEST_CASE][PASSED] - Test Cases/Final/home search by school name: Test Cases/Final/home search by school name

2018-12-08 15:27:43 - [TEST_STEP][PASSED] - openBrowser: Browser is opened with url: ''

2018-12-08 15:27:46 - [MESSAGE][PASSED] - Browser is opened with url: ''

2018-12-08 15:27:46 - [TEST_STEP][PASSED] - maximizeWindow: Current window maximized

2018-12-08 15:27:47 - [MESSAGE][PASSED] - Current window maximized

2018-12-08 15:27:47 - [TEST_STEP][PASSED] - navigateToUrl: Navigate to 'https://www.schooolz.com' successfully

2018-12-08 15:27:57 - [MESSAGE][PASSED] - Navigate to 'https://www.schooolz.com' successfully

2018-12-08 15:27:57 - [TEST_STEP][PASSED] - setText: Text 'مدرسة الرضوان الإبتدائية الاهلية بجدة' is set on object 'Object Repository/home search/search_by_name'

2018-12-08 15:27:57 - [MESSAGE][PASSED] - Text 'مدرسة الرضوان الإبتدائية الاهلية بجدة' is set on object 'Object Repository/home search/search_by_name'

2018-12-08 15:27:57 - [TEST_STEP][NOT_RUN] - selectOptionByIndex: NOT_RUN: selectOptionByIndex

2018-12-08 15:27:57 - [MESSAGE][NOT_RUN] - NOT_RUN: selectOptionByIndex

2018-12-08 15:27:57 - [TEST_STEP][NOT_RUN] - selectOptionByValue: NOT_RUN: selectOptionByValue

2018-12-08 15:27:57 - [MESSAGE][NOT_RUN] - NOT_RUN: selectOptionByValue

2018-12-08 15:27:57 - [TEST_STEP][NOT_RUN] - selectOptionByValue: NOT_RUN: selectOptionByValue

2018-12-08 15:27:57 - [MESSAGE][NOT_RUN] - NOT_RUN: selectOptionByValue

2018-12-08 15:27:57 - [TEST_STEP][PASSED] - click: Object: 'Object Repository/home search/search_btn' is clicked on

2018-12-08 15:27:58 - [MESSAGE][PASSED] - Object: 'Object Repository/home search/search_btn' is clicked on

2018-12-08 15:27:58 - [TEST_STEP][PASSED] - delay: Delayed 10 second(s)

2018-12-08 15:28:08 - [MESSAGE][PASSED] - Delayed 10 second(s)]]></system-out>
         <system-err><![CDATA[]]></system-err>
      </testcase>
      <testcase name="Test Cases/Final/home search by school category" classname="Test Cases/Final/home search by school category" status="PASSED">
         <system-out><![CDATA[2018-12-08 15:28:08 - [TEST_CASE][PASSED] - Test Cases/Final/home search by school category: Test Cases/Final/home search by school category

2018-12-08 15:28:09 - [TEST_STEP][NOT_RUN] - openBrowser: NOT_RUN: openBrowser

2018-12-08 15:28:09 - [MESSAGE][NOT_RUN] - NOT_RUN: openBrowser

2018-12-08 15:28:09 - [TEST_STEP][NOT_RUN] - maximizeWindow: NOT_RUN: maximizeWindow

2018-12-08 15:28:09 - [MESSAGE][NOT_RUN] - NOT_RUN: maximizeWindow

2018-12-08 15:28:09 - [TEST_STEP][PASSED] - navigateToUrl: Navigate to 'https://www.schooolz.com' successfully

2018-12-08 15:28:10 - [MESSAGE][PASSED] - Navigate to 'https://www.schooolz.com' successfully

2018-12-08 15:28:10 - [TEST_STEP][PASSED] - delay: Delayed 5 second(s)

2018-12-08 15:28:15 - [MESSAGE][PASSED] - Delayed 5 second(s)

2018-12-08 15:28:15 - [TEST_STEP][NOT_RUN] - setText: NOT_RUN: setText

2018-12-08 15:28:15 - [MESSAGE][NOT_RUN] - NOT_RUN: setText

2018-12-08 15:28:15 - [TEST_STEP][PASSED] - selectOptionByValue: All options with value '2' are selected in object 'Object Repository/home search/school_category' 

2018-12-08 15:28:15 - [MESSAGE][PASSED] - All options with value '2' are selected in object 'Object Repository/home search/school_category' 

2018-12-08 15:28:15 - [TEST_STEP][PASSED] - delay: Delayed 5 second(s)

2018-12-08 15:28:20 - [MESSAGE][PASSED] - Delayed 5 second(s)

2018-12-08 15:28:20 - [TEST_STEP][NOT_RUN] - selectOptionByValue: NOT_RUN: selectOptionByValue

2018-12-08 15:28:20 - [MESSAGE][NOT_RUN] - NOT_RUN: selectOptionByValue

2018-12-08 15:28:20 - [TEST_STEP][NOT_RUN] - selectOptionByValue: NOT_RUN: selectOptionByValue

2018-12-08 15:28:20 - [MESSAGE][NOT_RUN] - NOT_RUN: selectOptionByValue

2018-12-08 15:28:20 - [TEST_STEP][PASSED] - click: Object: 'Object Repository/home search/search_btn' is clicked on

2018-12-08 15:28:23 - [MESSAGE][PASSED] - Object: 'Object Repository/home search/search_btn' is clicked on

2018-12-08 15:28:23 - [TEST_STEP][PASSED] - delay: Delayed 10 second(s)

2018-12-08 15:28:33 - [MESSAGE][PASSED] - Delayed 10 second(s)]]></system-out>
         <system-err><![CDATA[]]></system-err>
      </testcase>
      <testcase name="Test Cases/Final/home search by country" classname="Test Cases/Final/home search by country" status="PASSED">
         <system-out><![CDATA[2018-12-08 15:28:33 - [TEST_CASE][PASSED] - Test Cases/Final/home search by country: Test Cases/Final/home search by country

2018-12-08 15:28:33 - [TEST_STEP][NOT_RUN] - openBrowser: NOT_RUN: openBrowser

2018-12-08 15:28:33 - [MESSAGE][NOT_RUN] - NOT_RUN: openBrowser

2018-12-08 15:28:33 - [TEST_STEP][NOT_RUN] - maximizeWindow: NOT_RUN: maximizeWindow

2018-12-08 15:28:33 - [MESSAGE][NOT_RUN] - NOT_RUN: maximizeWindow

2018-12-08 15:28:33 - [TEST_STEP][PASSED] - navigateToUrl: Navigate to 'https://www.schooolz.com' successfully

2018-12-08 15:28:34 - [MESSAGE][PASSED] - Navigate to 'https://www.schooolz.com' successfully

2018-12-08 15:28:34 - [TEST_STEP][NOT_RUN] - setText: NOT_RUN: setText

2018-12-08 15:28:34 - [MESSAGE][NOT_RUN] - NOT_RUN: setText

2018-12-08 15:28:34 - [TEST_STEP][NOT_RUN] - selectOptionByIndex: NOT_RUN: selectOptionByIndex

2018-12-08 15:28:34 - [MESSAGE][NOT_RUN] - NOT_RUN: selectOptionByIndex

2018-12-08 15:28:34 - [TEST_STEP][PASSED] - selectOptionByValue: All options with value '1' are selected in object 'Object Repository/add_event/country' 

2018-12-08 15:28:35 - [MESSAGE][PASSED] - All options with value '1' are selected in object 'Object Repository/add_event/country' 

2018-12-08 15:28:35 - [TEST_STEP][PASSED] - delay: Delayed 5 second(s)

2018-12-08 15:28:40 - [MESSAGE][PASSED] - Delayed 5 second(s)

2018-12-08 15:28:40 - [TEST_STEP][NOT_RUN] - selectOptionByValue: NOT_RUN: selectOptionByValue

2018-12-08 15:28:40 - [MESSAGE][NOT_RUN] - NOT_RUN: selectOptionByValue

2018-12-08 15:28:40 - [TEST_STEP][PASSED] - click: Object: 'Object Repository/home search/search_btn' is clicked on

2018-12-08 15:28:42 - [MESSAGE][PASSED] - Object: 'Object Repository/home search/search_btn' is clicked on

2018-12-08 15:28:42 - [TEST_STEP][PASSED] - delay: Delayed 10 second(s)

2018-12-08 15:28:52 - [MESSAGE][PASSED] - Delayed 10 second(s)]]></system-out>
         <system-err><![CDATA[]]></system-err>
      </testcase>
      <testcase name="Test Cases/Final/home search by city" classname="Test Cases/Final/home search by city" status="PASSED">
         <system-out><![CDATA[2018-12-08 15:28:52 - [TEST_CASE][PASSED] - Test Cases/Final/home search by city: Test Cases/Final/home search by city

2018-12-08 15:28:52 - [TEST_STEP][NOT_RUN] - openBrowser: NOT_RUN: openBrowser

2018-12-08 15:28:52 - [MESSAGE][NOT_RUN] - NOT_RUN: openBrowser

2018-12-08 15:28:52 - [TEST_STEP][NOT_RUN] - maximizeWindow: NOT_RUN: maximizeWindow

2018-12-08 15:28:52 - [MESSAGE][NOT_RUN] - NOT_RUN: maximizeWindow

2018-12-08 15:28:52 - [TEST_STEP][PASSED] - navigateToUrl: Navigate to 'https://www.schooolz.com' successfully

2018-12-08 15:28:53 - [MESSAGE][PASSED] - Navigate to 'https://www.schooolz.com' successfully

2018-12-08 15:28:53 - [TEST_STEP][NOT_RUN] - setText: NOT_RUN: setText

2018-12-08 15:28:53 - [MESSAGE][NOT_RUN] - NOT_RUN: setText

2018-12-08 15:28:53 - [TEST_STEP][NOT_RUN] - selectOptionByIndex: NOT_RUN: selectOptionByIndex

2018-12-08 15:28:53 - [MESSAGE][NOT_RUN] - NOT_RUN: selectOptionByIndex

2018-12-08 15:28:53 - [TEST_STEP][PASSED] - selectOptionByValue: All options with value '1' are selected in object 'Object Repository/add_event/country' 

2018-12-08 15:28:53 - [MESSAGE][PASSED] - All options with value '1' are selected in object 'Object Repository/add_event/country' 

2018-12-08 15:28:53 - [TEST_STEP][PASSED] - delay: Delayed 5 second(s)

2018-12-08 15:28:58 - [MESSAGE][PASSED] - Delayed 5 second(s)

2018-12-08 15:28:58 - [TEST_STEP][PASSED] - selectOptionByValue: All options with value '2' are selected in object 'Object Repository/add_event/city' 

2018-12-08 15:28:59 - [MESSAGE][PASSED] - All options with value '2' are selected in object 'Object Repository/add_event/city' 

2018-12-08 15:28:59 - [TEST_STEP][PASSED] - delay: Delayed 5 second(s)

2018-12-08 15:29:04 - [MESSAGE][PASSED] - Delayed 5 second(s)

2018-12-08 15:29:04 - [TEST_STEP][PASSED] - click: Object: 'Object Repository/home search/search_btn' is clicked on

2018-12-08 15:29:06 - [MESSAGE][PASSED] - Object: 'Object Repository/home search/search_btn' is clicked on

2018-12-08 15:29:06 - [TEST_STEP][PASSED] - delay: Delayed 10 second(s)

2018-12-08 15:29:16 - [MESSAGE][PASSED] - Delayed 10 second(s)

2018-12-08 15:29:16 - [TEST_STEP][NOT_RUN] - Statement - result = com.kms.katalon.core.webui.keyword.WebUiBuiltInKeywords.verifyElementPresent(com.kms.katalon.core.testobject.ObjectRepository.findTestObject(home search/search_result), false): NOT_RUN: Statement - result = com.kms.katalon.core.webui.keyword.WebUiBuiltInKeywords.verifyElementPresent(com.kms.katalon.core.testobject.ObjectRepository.findTestObject(home search/search_result), false)

2018-12-08 15:29:16 - [MESSAGE][NOT_RUN] - NOT_RUN: Statement - result = com.kms.katalon.core.webui.keyword.WebUiBuiltInKeywords.verifyElementPresent(com.kms.katalon.core.testobject.ObjectRepository.findTestObject(home search/search_result), false)]]></system-out>
         <system-err><![CDATA[]]></system-err>
      </testcase>
      <system-out><![CDATA[2018-12-08 15:27:42 - [TEST_SUITE][PASSED] - home search by each field: Test Cases/Final/home search by city]]></system-out>
      <system-err><![CDATA[]]></system-err>
   </testsuite>
</testsuites>
