<?xml version="1.0" encoding="UTF-8"?>
<testsuites name="add to favourite" time="127" tests="4" failures="0" errors="0">
   <testsuite name="add to favourite" tests="4" failures="0" errors="0" time="127" timestamp="2018-12-08 12:18:37" hostname="M.Kamel - 10.1.210.151" id="Test Suites/add to favourite">
      <properties>
         <property name="deviceName" value=""/>
         <property name="devicePlatform" value=""/>
         <property name="logFolder" value="C:\\Users\\M.Kamel\\git\\regression2\\Reports\\add to favourite\\20181208_121836"/>
         <property name="logFiles" value="C:\\Users\\M.Kamel\\git\\regression2\\Reports\\add to favourite\\20181208_121836\\execution0.log"/>
         <property name="attachments" value=""/>
         <property name="hostName" value="M.Kamel - 10.1.210.151"/>
         <property name="os" value="Windows 10 64bit"/>
         <property name="katalonVersion" value="5.7.1.1"/>
         <property name="browser" value="Chrome 70.0.3538.110"/>
         <property name="hostAddress" value="10.1.210.151"/>
         <property name="sessionId" value="b571efc24f7522680a6f347543ae8ed9"/>
         <property name="seleniumVersion" value="3.7.1"/>
         <property name="proxyInformation" value="ProxyInformation{proxyOption=NO_PROXY, proxyServerType=HTTP, password=, proxyServerAddress=, proxyServerPort=0}"/>
         <property name="platform" value="Windows 10"/>
      </properties>
      <testcase name="Test Cases/Final/Reg as visitor" classname="Test Cases/Final/Reg as visitor" status="PASSED">
         <system-out><![CDATA[2018-12-08 12:18:38 - [TEST_CASE][PASSED] - Test Cases/Final/Reg as visitor: Test Cases/Final/Reg as visitor

2018-12-08 12:18:38 - [TEST_STEP][PASSED] - openBrowser: Browser is opened with url: ''

2018-12-08 12:18:41 - [MESSAGE][PASSED] - Browser is opened with url: ''

2018-12-08 12:18:41 - [TEST_STEP][PASSED] - maximizeWindow: Current window maximized

2018-12-08 12:18:42 - [MESSAGE][PASSED] - Current window maximized

2018-12-08 12:18:42 - [TEST_STEP][PASSED] - navigateToUrl: Navigate to 'http://www.schooolz.com/visitor/create' successfully

2018-12-08 12:18:46 - [MESSAGE][PASSED] - Navigate to 'http://www.schooolz.com/visitor/create' successfully

2018-12-08 12:18:46 - [TEST_STEP][PASSED] - delay: Delayed 3 second(s)

2018-12-08 12:18:49 - [MESSAGE][PASSED] - Delayed 3 second(s)

2018-12-08 12:18:49 - [TEST_STEP][PASSED] - setText: Text 'rmUjKGBSxa' is set on object 'Object Repository/reg as visitor/name'

2018-12-08 12:18:49 - [MESSAGE][PASSED] - Text 'rmUjKGBSxa' is set on object 'Object Repository/reg as visitor/name'

2018-12-08 12:18:49 - [TEST_STEP][PASSED] - delay: Delayed 3 second(s)

2018-12-08 12:18:52 - [MESSAGE][PASSED] - Delayed 3 second(s)

2018-12-08 12:18:52 - [TEST_STEP][PASSED] - setText: Text 'ohGAyhnyrr' is set on object 'Object Repository/reg as visitor/username'

2018-12-08 12:18:53 - [MESSAGE][PASSED] - Text 'ohGAyhnyrr' is set on object 'Object Repository/reg as visitor/username'

2018-12-08 12:18:53 - [TEST_STEP][PASSED] - delay: Delayed 3 second(s)

2018-12-08 12:18:56 - [MESSAGE][PASSED] - Delayed 3 second(s)

2018-12-08 12:18:56 - [TEST_STEP][PASSED] - setText: Text 'rVlDyTRgKV@gmail.com' is set on object 'Object Repository/reg as visitor/email'

2018-12-08 12:18:56 - [MESSAGE][PASSED] - Text 'rVlDyTRgKV@gmail.com' is set on object 'Object Repository/reg as visitor/email'

2018-12-08 12:18:56 - [TEST_STEP][PASSED] - delay: Delayed 3 second(s)

2018-12-08 12:18:59 - [MESSAGE][PASSED] - Delayed 3 second(s)

2018-12-08 12:18:59 - [TEST_STEP][PASSED] - setText: Text '123456789' is set on object 'Object Repository/reg as visitor/password'

2018-12-08 12:19:00 - [MESSAGE][PASSED] - Text '123456789' is set on object 'Object Repository/reg as visitor/password'

2018-12-08 12:19:00 - [TEST_STEP][PASSED] - delay: Delayed 3 second(s)

2018-12-08 12:19:03 - [MESSAGE][PASSED] - Delayed 3 second(s)

2018-12-08 12:19:03 - [TEST_STEP][PASSED] - setText: Text '123456789' is set on object 'Object Repository/reg as visitor/confirmpassword'

2018-12-08 12:19:03 - [MESSAGE][PASSED] - Text '123456789' is set on object 'Object Repository/reg as visitor/confirmpassword'

2018-12-08 12:19:03 - [TEST_STEP][PASSED] - delay: Delayed 3 second(s)

2018-12-08 12:19:06 - [MESSAGE][PASSED] - Delayed 3 second(s)

2018-12-08 12:19:06 - [TEST_STEP][NOT_RUN] - setText: NOT_RUN: setText

2018-12-08 12:19:06 - [MESSAGE][NOT_RUN] - NOT_RUN: setText

2018-12-08 12:19:06 - [TEST_STEP][PASSED] - delay: Delayed 3 second(s)

2018-12-08 12:19:09 - [MESSAGE][PASSED] - Delayed 3 second(s)

2018-12-08 12:19:09 - [TEST_STEP][PASSED] - selectOptionByValue: All options with value '1' are selected in object 'Object Repository/reg as visitor/country' 

2018-12-08 12:19:10 - [MESSAGE][PASSED] - All options with value '1' are selected in object 'Object Repository/reg as visitor/country' 

2018-12-08 12:19:10 - [TEST_STEP][PASSED] - delay: Delayed 3 second(s)

2018-12-08 12:19:13 - [MESSAGE][PASSED] - Delayed 3 second(s)

2018-12-08 12:19:13 - [TEST_STEP][PASSED] - selectOptionByIndex: All options with index in [2] are selected on object 'Object Repository/reg as visitor/city'

2018-12-08 12:19:13 - [MESSAGE][PASSED] - All options with index in [2] are selected on object 'Object Repository/reg as visitor/city'

2018-12-08 12:19:13 - [TEST_STEP][PASSED] - delay: Delayed 3 second(s)

2018-12-08 12:19:16 - [MESSAGE][PASSED] - Delayed 3 second(s)

2018-12-08 12:19:16 - [TEST_STEP][PASSED] - selectOptionByIndex: All options with index in [3] are selected on object 'Object Repository/reg as visitor/region'

2018-12-08 12:19:16 - [MESSAGE][PASSED] - All options with index in [3] are selected on object 'Object Repository/reg as visitor/region'

2018-12-08 12:19:16 - [TEST_STEP][PASSED] - delay: Delayed 3 second(s)

2018-12-08 12:19:19 - [MESSAGE][PASSED] - Delayed 3 second(s)

2018-12-08 12:19:19 - [TEST_STEP][PASSED] - setText: Text 'helioplis' is set on object 'Object Repository/reg as visitor/address'

2018-12-08 12:19:19 - [MESSAGE][PASSED] - Text 'helioplis' is set on object 'Object Repository/reg as visitor/address'

2018-12-08 12:19:19 - [TEST_STEP][PASSED] - delay: Delayed 3 second(s)

2018-12-08 12:19:22 - [MESSAGE][PASSED] - Delayed 3 second(s)

2018-12-08 12:19:22 - [TEST_STEP][PASSED] - setText: Text '10/10/2010' is set on object 'Object Repository/reg as visitor/birth date'

2018-12-08 12:19:23 - [MESSAGE][PASSED] - Text '10/10/2010' is set on object 'Object Repository/reg as visitor/birth date'

2018-12-08 12:19:23 - [TEST_STEP][PASSED] - delay: Delayed 3 second(s)

2018-12-08 12:19:26 - [MESSAGE][PASSED] - Delayed 3 second(s)

2018-12-08 12:19:26 - [TEST_STEP][NOT_RUN] - setText: NOT_RUN: setText

2018-12-08 12:19:26 - [MESSAGE][NOT_RUN] - NOT_RUN: setText

2018-12-08 12:19:26 - [TEST_STEP][PASSED] - delay: Delayed 3 second(s)

2018-12-08 12:19:29 - [MESSAGE][PASSED] - Delayed 3 second(s)

2018-12-08 12:19:29 - [TEST_STEP][PASSED] - uploadFile: File 'C:\Users\M.Kamel\git\regression2\Data Files\1.jpg' sent to object: 'Object Repository/reg as visitor/image'

2018-12-08 12:19:29 - [MESSAGE][PASSED] - File 'C:\Users\M.Kamel\git\regression2\Data Files\1.jpg' sent to object: 'Object Repository/reg as visitor/image'

2018-12-08 12:19:29 - [TEST_STEP][PASSED] - delay: Delayed 3 second(s)

2018-12-08 12:19:32 - [MESSAGE][PASSED] - Delayed 3 second(s)

2018-12-08 12:19:32 - [TEST_STEP][PASSED] - click: Object: 'Object Repository/reg as visitor/save_btn' is clicked on

2018-12-08 12:19:34 - [MESSAGE][PASSED] - Object: 'Object Repository/reg as visitor/save_btn' is clicked on]]></system-out>
         <system-err><![CDATA[]]></system-err>
      </testcase>
      <testcase name="Test Cases/Final/logout - Copy" classname="Test Cases/Final/logout - Copy" status="PASSED">
         <system-out><![CDATA[2018-12-08 12:19:34 - [TEST_CASE][PASSED] - Test Cases/Final/logout - Copy: Test Cases/Final/logout - Copy

2018-12-08 12:19:35 - [TEST_STEP][NOT_RUN] - openBrowser: NOT_RUN: openBrowser

2018-12-08 12:19:35 - [MESSAGE][NOT_RUN] - NOT_RUN: openBrowser

2018-12-08 12:19:35 - [TEST_STEP][NOT_RUN] - maximizeWindow: NOT_RUN: maximizeWindow

2018-12-08 12:19:35 - [MESSAGE][NOT_RUN] - NOT_RUN: maximizeWindow

2018-12-08 12:19:35 - [TEST_STEP][NOT_RUN] - navigateToUrl: NOT_RUN: navigateToUrl

2018-12-08 12:19:35 - [MESSAGE][NOT_RUN] - NOT_RUN: navigateToUrl

2018-12-08 12:19:35 - [TEST_STEP][NOT_RUN] - delay: NOT_RUN: delay

2018-12-08 12:19:35 - [MESSAGE][NOT_RUN] - NOT_RUN: delay

2018-12-08 12:19:35 - [TEST_STEP][NOT_RUN] - click: NOT_RUN: click

2018-12-08 12:19:35 - [MESSAGE][NOT_RUN] - NOT_RUN: click

2018-12-08 12:19:35 - [TEST_STEP][NOT_RUN] - delay: NOT_RUN: delay

2018-12-08 12:19:35 - [MESSAGE][NOT_RUN] - NOT_RUN: delay

2018-12-08 12:19:35 - [TEST_STEP][NOT_RUN] - setText: NOT_RUN: setText

2018-12-08 12:19:35 - [MESSAGE][NOT_RUN] - NOT_RUN: setText

2018-12-08 12:19:35 - [TEST_STEP][NOT_RUN] - delay: NOT_RUN: delay

2018-12-08 12:19:35 - [MESSAGE][NOT_RUN] - NOT_RUN: delay

2018-12-08 12:19:35 - [TEST_STEP][NOT_RUN] - setText: NOT_RUN: setText

2018-12-08 12:19:35 - [MESSAGE][NOT_RUN] - NOT_RUN: setText

2018-12-08 12:19:35 - [TEST_STEP][NOT_RUN] - delay: NOT_RUN: delay

2018-12-08 12:19:35 - [MESSAGE][NOT_RUN] - NOT_RUN: delay

2018-12-08 12:19:35 - [TEST_STEP][NOT_RUN] - click: NOT_RUN: click

2018-12-08 12:19:35 - [MESSAGE][NOT_RUN] - NOT_RUN: click

2018-12-08 12:19:35 - [TEST_STEP][PASSED] - delay: Delayed 5 second(s)

2018-12-08 12:19:40 - [MESSAGE][PASSED] - Delayed 5 second(s)

2018-12-08 12:19:40 - [TEST_STEP][PASSED] - click: Object: 'Object Repository/HomeScreen/profile_icon' is clicked on

2018-12-08 12:19:40 - [MESSAGE][PASSED] - Object: 'Object Repository/HomeScreen/profile_icon' is clicked on

2018-12-08 12:19:40 - [TEST_STEP][PASSED] - delay: Delayed 5 second(s)

2018-12-08 12:19:45 - [MESSAGE][PASSED] - Delayed 5 second(s)

2018-12-08 12:19:45 - [TEST_STEP][PASSED] - click: Object: 'Object Repository/HomeScreen/logout_button' is clicked on

2018-12-08 12:19:53 - [MESSAGE][PASSED] - Object: 'Object Repository/HomeScreen/logout_button' is clicked on]]></system-out>
         <system-err><![CDATA[]]></system-err>
      </testcase>
      <testcase name="Test Cases/Final/Login - visitor - Copy" classname="Test Cases/Final/Login - visitor - Copy" status="PASSED">
         <system-out><![CDATA[2018-12-08 12:19:53 - [TEST_CASE][PASSED] - Test Cases/Final/Login - visitor - Copy: Test Cases/Final/Login - visitor - Copy

2018-12-08 12:19:53 - [TEST_STEP][NOT_RUN] - openBrowser: NOT_RUN: openBrowser

2018-12-08 12:19:53 - [MESSAGE][NOT_RUN] - NOT_RUN: openBrowser

2018-12-08 12:19:53 - [TEST_STEP][NOT_RUN] - maximizeWindow: NOT_RUN: maximizeWindow

2018-12-08 12:19:53 - [MESSAGE][NOT_RUN] - NOT_RUN: maximizeWindow

2018-12-08 12:19:53 - [TEST_STEP][PASSED] - navigateToUrl: Navigate to 'https://www.schooolz.com' successfully

2018-12-08 12:20:02 - [MESSAGE][PASSED] - Navigate to 'https://www.schooolz.com' successfully

2018-12-08 12:20:02 - [TEST_STEP][PASSED] - delay: Delayed 10 second(s)

2018-12-08 12:20:12 - [MESSAGE][PASSED] - Delayed 10 second(s)

2018-12-08 12:20:12 - [TEST_STEP][PASSED] - click: Object: 'Object Repository/join to school/login_btn' is clicked on

2018-12-08 12:20:12 - [MESSAGE][PASSED] - Object: 'Object Repository/join to school/login_btn' is clicked on

2018-12-08 12:20:12 - [TEST_STEP][PASSED] - delay: Delayed 5 second(s)

2018-12-08 12:20:17 - [MESSAGE][PASSED] - Delayed 5 second(s)

2018-12-08 12:20:17 - [TEST_STEP][PASSED] - setText: Text 'eQQqkxYQyh@gmail.com' is set on object 'Object Repository/join to school/UserName_txt'

2018-12-08 12:20:17 - [MESSAGE][PASSED] - Text 'eQQqkxYQyh@gmail.com' is set on object 'Object Repository/join to school/UserName_txt'

2018-12-08 12:20:17 - [TEST_STEP][PASSED] - setText: Text '123456789' is set on object 'Object Repository/join to school/UserPassword_txt'

2018-12-08 12:20:17 - [MESSAGE][PASSED] - Text '123456789' is set on object 'Object Repository/join to school/UserPassword_txt'

2018-12-08 12:20:17 - [TEST_STEP][PASSED] - click: Object: 'Object Repository/join to school/register_btn' is clicked on

2018-12-08 12:20:19 - [MESSAGE][PASSED] - Object: 'Object Repository/join to school/register_btn' is clicked on]]></system-out>
         <system-err><![CDATA[]]></system-err>
      </testcase>
      <testcase name="Test Cases/Final/add to fav" classname="Test Cases/Final/add to fav" status="PASSED">
         <system-out><![CDATA[2018-12-08 12:20:19 - [TEST_CASE][PASSED] - Test Cases/Final/add to fav: Test Cases/Final/add to fav

2018-12-08 12:20:20 - [TEST_STEP][NOT_RUN] - openBrowser: NOT_RUN: openBrowser

2018-12-08 12:20:20 - [MESSAGE][NOT_RUN] - NOT_RUN: openBrowser

2018-12-08 12:20:20 - [TEST_STEP][NOT_RUN] - delay: NOT_RUN: delay

2018-12-08 12:20:20 - [MESSAGE][NOT_RUN] - NOT_RUN: delay

2018-12-08 12:20:20 - [TEST_STEP][NOT_RUN] - maximizeWindow: NOT_RUN: maximizeWindow

2018-12-08 12:20:20 - [MESSAGE][NOT_RUN] - NOT_RUN: maximizeWindow

2018-12-08 12:20:20 - [TEST_STEP][NOT_RUN] - delay: NOT_RUN: delay

2018-12-08 12:20:20 - [MESSAGE][NOT_RUN] - NOT_RUN: delay

2018-12-08 12:20:20 - [TEST_STEP][NOT_RUN] - navigateToUrl: NOT_RUN: navigateToUrl

2018-12-08 12:20:20 - [MESSAGE][NOT_RUN] - NOT_RUN: navigateToUrl

2018-12-08 12:20:20 - [TEST_STEP][NOT_RUN] - click: NOT_RUN: click

2018-12-08 12:20:20 - [MESSAGE][NOT_RUN] - NOT_RUN: click

2018-12-08 12:20:20 - [TEST_STEP][NOT_RUN] - delay: NOT_RUN: delay

2018-12-08 12:20:20 - [MESSAGE][NOT_RUN] - NOT_RUN: delay

2018-12-08 12:20:20 - [TEST_STEP][NOT_RUN] - setText: NOT_RUN: setText

2018-12-08 12:20:20 - [MESSAGE][NOT_RUN] - NOT_RUN: setText

2018-12-08 12:20:20 - [TEST_STEP][NOT_RUN] - setText: NOT_RUN: setText

2018-12-08 12:20:20 - [MESSAGE][NOT_RUN] - NOT_RUN: setText

2018-12-08 12:20:20 - [TEST_STEP][NOT_RUN] - click: NOT_RUN: click

2018-12-08 12:20:20 - [MESSAGE][NOT_RUN] - NOT_RUN: click

2018-12-08 12:20:20 - [TEST_STEP][PASSED] - delay: Delayed 5 second(s)

2018-12-08 12:20:25 - [MESSAGE][PASSED] - Delayed 5 second(s)

2018-12-08 12:20:25 - [TEST_STEP][PASSED] - click: Object: 'Object Repository/add to fav/schools_btn' is clicked on

2018-12-08 12:20:27 - [MESSAGE][PASSED] - Object: 'Object Repository/add to fav/schools_btn' is clicked on

2018-12-08 12:20:27 - [TEST_STEP][PASSED] - delay: Delayed 5 second(s)

2018-12-08 12:20:32 - [MESSAGE][PASSED] - Delayed 5 second(s)

2018-12-08 12:20:32 - [TEST_STEP][PASSED] - click: Object: 'Object Repository/add to fav/yahiaschool_btn' is clicked on

2018-12-08 12:20:34 - [MESSAGE][PASSED] - Object: 'Object Repository/add to fav/yahiaschool_btn' is clicked on

2018-12-08 12:20:34 - [TEST_STEP][PASSED] - delay: Delayed 5 second(s)

2018-12-08 12:20:39 - [MESSAGE][PASSED] - Delayed 5 second(s)

2018-12-08 12:20:39 - [TEST_STEP][PASSED] - click: Object: 'Object Repository/add to fav/addto fav_btn' is clicked on

2018-12-08 12:20:39 - [MESSAGE][PASSED] - Object: 'Object Repository/add to fav/addto fav_btn' is clicked on

2018-12-08 12:20:39 - [TEST_STEP][PASSED] - delay: Delayed 5 second(s)

2018-12-08 12:20:44 - [MESSAGE][PASSED] - Delayed 5 second(s)]]></system-out>
         <system-err><![CDATA[]]></system-err>
      </testcase>
      <system-out><![CDATA[2018-12-08 12:18:37 - [TEST_SUITE][PASSED] - add to favourite: Test Cases/Final/add to fav]]></system-out>
      <system-err><![CDATA[]]></system-err>
   </testsuite>
</testsuites>
