<?xml version="1.0" encoding="UTF-8"?>
<testsuites name="home search_all field" time="43" tests="1" failures="0" errors="0">
   <testsuite name="home search_all field" tests="1" failures="0" errors="0" time="43" timestamp="2018-12-08 15:32:05" hostname="M.Kamel - 10.1.210.199" id="Test Suites/home search_all field">
      <properties>
         <property name="deviceName" value=""/>
         <property name="devicePlatform" value=""/>
         <property name="logFolder" value="C:\\Users\\M.Kamel\\git\\regression22\\Reports\\home search_all field\\20181208_153204"/>
         <property name="logFiles" value="C:\\Users\\M.Kamel\\git\\regression22\\Reports\\home search_all field\\20181208_153204\\execution0.log"/>
         <property name="attachments" value=""/>
         <property name="hostName" value="M.Kamel - 10.1.210.199"/>
         <property name="os" value="Windows 10 64bit"/>
         <property name="katalonVersion" value="5.8.6.1"/>
         <property name="browser" value="Chrome 70.0.3538.110"/>
         <property name="hostAddress" value="10.1.210.199"/>
         <property name="sessionId" value="3d3faec726298a2b6b8b3019f26fe24c"/>
         <property name="seleniumVersion" value="3.7.1"/>
         <property name="proxyInformation" value="ProxyInformation{proxyOption=NO_PROXY, proxyServerType=HTTP, password=, proxyServerAddress=, proxyServerPort=0}"/>
         <property name="platform" value="Windows 10"/>
      </properties>
      <testcase name="Test Cases/Final/home search" classname="Test Cases/Final/home search" status="PASSED">
         <system-out><![CDATA[2018-12-08 15:32:06 - [TEST_CASE][PASSED] - Test Cases/Final/home search: Test Cases/Final/home search

2018-12-08 15:32:06 - [TEST_STEP][PASSED] - openBrowser: Browser is opened with url: ''

2018-12-08 15:32:09 - [MESSAGE][PASSED] - Browser is opened with url: ''

2018-12-08 15:32:09 - [TEST_STEP][PASSED] - maximizeWindow: Current window maximized

2018-12-08 15:32:10 - [MESSAGE][PASSED] - Current window maximized

2018-12-08 15:32:10 - [TEST_STEP][PASSED] - navigateToUrl: Navigate to 'https://www.schooolz.com' successfully

2018-12-08 15:32:20 - [MESSAGE][PASSED] - Navigate to 'https://www.schooolz.com' successfully

2018-12-08 15:32:20 - [TEST_STEP][PASSED] - setText: Text 'مدرسة الرضوان الإبتدائية الاهلية بجدة' is set on object 'Object Repository/home search/search_by_name'

2018-12-08 15:32:21 - [MESSAGE][PASSED] - Text 'مدرسة الرضوان الإبتدائية الاهلية بجدة' is set on object 'Object Repository/home search/search_by_name'

2018-12-08 15:32:21 - [TEST_STEP][PASSED] - delay: Delayed 5 second(s)

2018-12-08 15:32:26 - [MESSAGE][PASSED] - Delayed 5 second(s)

2018-12-08 15:32:26 - [TEST_STEP][PASSED] - selectOptionByIndex: All options with index in [2] are selected on object 'Object Repository/home search/school_category'

2018-12-08 15:32:26 - [MESSAGE][PASSED] - All options with index in [2] are selected on object 'Object Repository/home search/school_category'

2018-12-08 15:32:26 - [TEST_STEP][PASSED] - delay: Delayed 5 second(s)

2018-12-08 15:32:31 - [MESSAGE][PASSED] - Delayed 5 second(s)

2018-12-08 15:32:31 - [TEST_STEP][PASSED] - selectOptionByValue: All options with value '1' are selected in object 'Object Repository/add_event/country' 

2018-12-08 15:32:31 - [MESSAGE][PASSED] - All options with value '1' are selected in object 'Object Repository/add_event/country' 

2018-12-08 15:32:31 - [TEST_STEP][PASSED] - delay: Delayed 5 second(s)

2018-12-08 15:32:36 - [MESSAGE][PASSED] - Delayed 5 second(s)

2018-12-08 15:32:36 - [TEST_STEP][PASSED] - selectOptionByValue: All options with value '2' are selected in object 'Object Repository/add_event/city' 

2018-12-08 15:32:36 - [MESSAGE][PASSED] - All options with value '2' are selected in object 'Object Repository/add_event/city' 

2018-12-08 15:32:36 - [TEST_STEP][PASSED] - delay: Delayed 5 second(s)

2018-12-08 15:32:41 - [MESSAGE][PASSED] - Delayed 5 second(s)

2018-12-08 15:32:41 - [TEST_STEP][PASSED] - click: Object: 'Object Repository/home search/search_btn' is clicked on

2018-12-08 15:32:43 - [MESSAGE][PASSED] - Object: 'Object Repository/home search/search_btn' is clicked on

2018-12-08 15:32:43 - [TEST_STEP][PASSED] - delay: Delayed 5 second(s)

2018-12-08 15:32:48 - [MESSAGE][PASSED] - Delayed 5 second(s)]]></system-out>
         <system-err><![CDATA[]]></system-err>
      </testcase>
      <system-out><![CDATA[2018-12-08 15:32:05 - [TEST_SUITE][PASSED] - home search_all field: Test Cases/Final/home search]]></system-out>
      <system-err><![CDATA[]]></system-err>
   </testsuite>
</testsuites>
