<?xml version="1.0" encoding="UTF-8"?>
<testsuites name="parent can join to school" time="132" tests="5" failures="0" errors="0">
   <testsuite name="parent can join to school" tests="5" failures="0" errors="0" time="132" timestamp="2018-12-03 14:42:43" hostname="M.Kamel - 10.1.210.199" id="Test Suites/parent can join to school">
      <properties>
         <property name="deviceName" value=""/>
         <property name="devicePlatform" value=""/>
         <property name="logFolder" value="C:\\Users\\M.Kamel\\git\\regression22\\Reports\\parent can join to school\\20181203_144241"/>
         <property name="logFiles" value="C:\\Users\\M.Kamel\\git\\regression22\\Reports\\parent can join to school\\20181203_144241\\execution0.log"/>
         <property name="attachments" value=""/>
         <property name="hostName" value="M.Kamel - 10.1.210.199"/>
         <property name="os" value="Windows 10 64bit"/>
         <property name="katalonVersion" value="5.8.6.1"/>
         <property name="browser" value="Chrome 70.0.3538.110"/>
         <property name="hostAddress" value="10.1.210.199"/>
         <property name="sessionId" value="d91e8af03a4b1bcb8d9bfc16ab9a32c0"/>
         <property name="seleniumVersion" value="3.7.1"/>
         <property name="proxyInformation" value="ProxyInformation{proxyOption=NO_PROXY, proxyServerType=HTTP, password=, proxyServerAddress=, proxyServerPort=0}"/>
         <property name="platform" value="Windows 10"/>
      </properties>
      <testcase name="Test Cases/Final/REG as parent" classname="Test Cases/Final/REG as parent" status="PASSED">
         <system-out><![CDATA[2018-12-03 14:42:43 - [TEST_CASE][PASSED] - Test Cases/Final/REG as parent: Test Cases/Final/REG as parent

2018-12-03 14:42:43 - [TEST_STEP][PASSED] - openBrowser: Browser is opened with url: ''

2018-12-03 14:42:46 - [MESSAGE][PASSED] - Browser is opened with url: ''

2018-12-03 14:42:46 - [TEST_STEP][PASSED] - maximizeWindow: Current window maximized

2018-12-03 14:42:48 - [MESSAGE][PASSED] - Current window maximized

2018-12-03 14:42:48 - [TEST_STEP][PASSED] - navigateToUrl: Navigate to 'http://www.schooolz.com/parent/create' successfully

2018-12-03 14:42:52 - [MESSAGE][PASSED] - Navigate to 'http://www.schooolz.com/parent/create' successfully

2018-12-03 14:42:52 - [TEST_STEP][PASSED] - delay: Delayed 5 second(s)

2018-12-03 14:42:57 - [MESSAGE][PASSED] - Delayed 5 second(s)

2018-12-03 14:42:57 - [TEST_STEP][PASSED] - setText: Text 'ASgae' is set on object 'Object Repository/REG as parent/par_name'

2018-12-03 14:42:57 - [MESSAGE][PASSED] - Text 'ASgae' is set on object 'Object Repository/REG as parent/par_name'

2018-12-03 14:42:57 - [TEST_STEP][PASSED] - Statement - par_uname = org.apache.commons.lang.RandomStringUtils.randomAlphabetic(6): null

2018-12-03 14:42:57 - [TEST_STEP][PASSED] - setText: Text 'QOPmGi' is set on object 'Object Repository/REG as parent/user_name'

2018-12-03 14:42:58 - [MESSAGE][PASSED] - Text 'QOPmGi' is set on object 'Object Repository/REG as parent/user_name'

2018-12-03 14:42:58 - [TEST_STEP][PASSED] - setText: Text 'ihE@gmai.com' is set on object 'Object Repository/REG as parent/Email'

2018-12-03 14:42:58 - [MESSAGE][PASSED] - Text 'ihE@gmai.com' is set on object 'Object Repository/REG as parent/Email'

2018-12-03 14:42:58 - [TEST_STEP][PASSED] - setText: Text '123456789' is set on object 'Object Repository/REG as parent/password'

2018-12-03 14:42:58 - [MESSAGE][PASSED] - Text '123456789' is set on object 'Object Repository/REG as parent/password'

2018-12-03 14:42:58 - [TEST_STEP][PASSED] - setText: Text '123456789' is set on object 'Object Repository/REG as parent/conf_password'

2018-12-03 14:42:58 - [MESSAGE][PASSED] - Text '123456789' is set on object 'Object Repository/REG as parent/conf_password'

2018-12-03 14:42:58 - [TEST_STEP][PASSED] - selectOptionByValue: All options with value '1' are selected in object 'Object Repository/REG as parent/country' 

2018-12-03 14:42:59 - [MESSAGE][PASSED] - All options with value '1' are selected in object 'Object Repository/REG as parent/country' 

2018-12-03 14:42:59 - [TEST_STEP][PASSED] - delay: Delayed 3 second(s)

2018-12-03 14:43:02 - [MESSAGE][PASSED] - Delayed 3 second(s)

2018-12-03 14:43:02 - [TEST_STEP][PASSED] - selectOptionByIndex: All options with index in [1] are selected on object 'Object Repository/REG as parent/city'

2018-12-03 14:43:02 - [MESSAGE][PASSED] - All options with index in [1] are selected on object 'Object Repository/REG as parent/city'

2018-12-03 14:43:02 - [TEST_STEP][PASSED] - delay: Delayed 3 second(s)

2018-12-03 14:43:05 - [MESSAGE][PASSED] - Delayed 3 second(s)

2018-12-03 14:43:05 - [TEST_STEP][PASSED] - selectOptionByValue: All options with value '8' are selected in object 'Object Repository/REG as parent/region' 

2018-12-03 14:43:05 - [MESSAGE][PASSED] - All options with value '8' are selected in object 'Object Repository/REG as parent/region' 

2018-12-03 14:43:05 - [TEST_STEP][PASSED] - delay: Delayed 5 second(s)

2018-12-03 14:43:10 - [MESSAGE][PASSED] - Delayed 5 second(s)

2018-12-03 14:43:10 - [TEST_STEP][PASSED] - setText: Text 'helioplis' is set on object 'Object Repository/REG as parent/address'

2018-12-03 14:43:10 - [MESSAGE][PASSED] - Text 'helioplis' is set on object 'Object Repository/REG as parent/address'

2018-12-03 14:43:10 - [TEST_STEP][PASSED] - setText: Text '10/10/2010' is set on object 'Object Repository/REG as parent/date_birth'

2018-12-03 14:43:11 - [MESSAGE][PASSED] - Text '10/10/2010' is set on object 'Object Repository/REG as parent/date_birth'

2018-12-03 14:43:11 - [TEST_STEP][PASSED] - uploadFile: File 'C:\Users\M.Kamel\git\regression22\Data Files\1.jpg' sent to object: 'Object Repository/REG as parent/image'

2018-12-03 14:43:11 - [MESSAGE][PASSED] - File 'C:\Users\M.Kamel\git\regression22\Data Files\1.jpg' sent to object: 'Object Repository/REG as parent/image'

2018-12-03 14:43:11 - [TEST_STEP][PASSED] - click: Object: 'Object Repository/REG as parent/save_btn' is clicked on

2018-12-03 14:43:13 - [MESSAGE][PASSED] - Object: 'Object Repository/REG as parent/save_btn' is clicked on]]></system-out>
         <system-err><![CDATA[]]></system-err>
      </testcase>
      <testcase name="Test Cases/Final/nav_to_HS" classname="Test Cases/Final/nav_to_HS" status="PASSED">
         <system-out><![CDATA[2018-12-03 14:43:13 - [TEST_CASE][PASSED] - Test Cases/Final/nav_to_HS: Test Cases/Final/nav_to_HS

2018-12-03 14:43:13 - [TEST_STEP][PASSED] - navigateToUrl: Navigate to 'http://www.schooolz.com' successfully

2018-12-03 14:43:24 - [MESSAGE][PASSED] - Navigate to 'http://www.schooolz.com' successfully]]></system-out>
         <system-err><![CDATA[]]></system-err>
      </testcase>
      <testcase name="Test Cases/Final/logout" classname="Test Cases/Final/logout" status="PASSED">
         <system-out><![CDATA[2018-12-03 14:43:24 - [TEST_CASE][PASSED] - Test Cases/Final/logout: Test Cases/Final/logout

2018-12-03 14:43:24 - [TEST_STEP][NOT_RUN] - openBrowser: NOT_RUN: openBrowser

2018-12-03 14:43:24 - [MESSAGE][NOT_RUN] - NOT_RUN: openBrowser

2018-12-03 14:43:24 - [TEST_STEP][NOT_RUN] - maximizeWindow: NOT_RUN: maximizeWindow

2018-12-03 14:43:24 - [MESSAGE][NOT_RUN] - NOT_RUN: maximizeWindow

2018-12-03 14:43:24 - [TEST_STEP][NOT_RUN] - navigateToUrl: NOT_RUN: navigateToUrl

2018-12-03 14:43:24 - [MESSAGE][NOT_RUN] - NOT_RUN: navigateToUrl

2018-12-03 14:43:24 - [TEST_STEP][NOT_RUN] - delay: NOT_RUN: delay

2018-12-03 14:43:24 - [MESSAGE][NOT_RUN] - NOT_RUN: delay

2018-12-03 14:43:24 - [TEST_STEP][NOT_RUN] - click: NOT_RUN: click

2018-12-03 14:43:24 - [MESSAGE][NOT_RUN] - NOT_RUN: click

2018-12-03 14:43:24 - [TEST_STEP][NOT_RUN] - delay: NOT_RUN: delay

2018-12-03 14:43:24 - [MESSAGE][NOT_RUN] - NOT_RUN: delay

2018-12-03 14:43:24 - [TEST_STEP][NOT_RUN] - setText: NOT_RUN: setText

2018-12-03 14:43:24 - [MESSAGE][NOT_RUN] - NOT_RUN: setText

2018-12-03 14:43:24 - [TEST_STEP][NOT_RUN] - delay: NOT_RUN: delay

2018-12-03 14:43:24 - [MESSAGE][NOT_RUN] - NOT_RUN: delay

2018-12-03 14:43:24 - [TEST_STEP][NOT_RUN] - setText: NOT_RUN: setText

2018-12-03 14:43:24 - [MESSAGE][NOT_RUN] - NOT_RUN: setText

2018-12-03 14:43:24 - [TEST_STEP][NOT_RUN] - delay: NOT_RUN: delay

2018-12-03 14:43:24 - [MESSAGE][NOT_RUN] - NOT_RUN: delay

2018-12-03 14:43:24 - [TEST_STEP][NOT_RUN] - click: NOT_RUN: click

2018-12-03 14:43:24 - [MESSAGE][NOT_RUN] - NOT_RUN: click

2018-12-03 14:43:24 - [TEST_STEP][NOT_RUN] - delay: NOT_RUN: delay

2018-12-03 14:43:24 - [MESSAGE][NOT_RUN] - NOT_RUN: delay

2018-12-03 14:43:24 - [TEST_STEP][PASSED] - click: Object: 'Object Repository/HomeScreen/profile_icon' is clicked on

2018-12-03 14:43:24 - [MESSAGE][PASSED] - Object: 'Object Repository/HomeScreen/profile_icon' is clicked on

2018-12-03 14:43:24 - [TEST_STEP][PASSED] - delay: Delayed 5 second(s)

2018-12-03 14:43:29 - [MESSAGE][PASSED] - Delayed 5 second(s)

2018-12-03 14:43:29 - [TEST_STEP][PASSED] - click: Object: 'Object Repository/HomeScreen/logout_button' is clicked on

2018-12-03 14:43:31 - [MESSAGE][PASSED] - Object: 'Object Repository/HomeScreen/logout_button' is clicked on]]></system-out>
         <system-err><![CDATA[]]></system-err>
      </testcase>
      <testcase name="Test Cases/Final/login as parent" classname="Test Cases/Final/login as parent" status="PASSED">
         <system-out><![CDATA[2018-12-03 14:43:31 - [TEST_CASE][PASSED] - Test Cases/Final/login as parent: Test Cases/Final/login as parent

2018-12-03 14:43:31 - [TEST_STEP][PASSED] - openBrowser: Browser is opened with url: ''

2018-12-03 14:43:31 - [MESSAGE][WARNING] - A browser is already opened. Closing browser and opening a new one

2018-12-03 14:43:34 - [MESSAGE][PASSED] - Browser is opened with url: ''

2018-12-03 14:43:34 - [TEST_STEP][PASSED] - maximizeWindow: Current window maximized

2018-12-03 14:43:35 - [MESSAGE][PASSED] - Current window maximized

2018-12-03 14:43:35 - [TEST_STEP][PASSED] - navigateToUrl: Navigate to 'https://www.schooolz.com' successfully

2018-12-03 14:43:46 - [MESSAGE][PASSED] - Navigate to 'https://www.schooolz.com' successfully

2018-12-03 14:43:46 - [TEST_STEP][PASSED] - delay: Delayed 5 second(s)

2018-12-03 14:43:51 - [MESSAGE][PASSED] - Delayed 5 second(s)

2018-12-03 14:43:51 - [TEST_STEP][PASSED] - click: Object: 'Object Repository/HomeScreen/login_btn' is clicked on

2018-12-03 14:43:51 - [MESSAGE][PASSED] - Object: 'Object Repository/HomeScreen/login_btn' is clicked on

2018-12-03 14:43:51 - [TEST_STEP][PASSED] - delay: Delayed 5 second(s)

2018-12-03 14:43:56 - [MESSAGE][PASSED] - Delayed 5 second(s)

2018-12-03 14:43:56 - [TEST_STEP][PASSED] - setText: Text 'parent' is set on object 'Object Repository/HomeScreen/Username_txt'

2018-12-03 14:43:56 - [MESSAGE][PASSED] - Text 'parent' is set on object 'Object Repository/HomeScreen/Username_txt'

2018-12-03 14:43:56 - [TEST_STEP][PASSED] - delay: Delayed 5 second(s)

2018-12-03 14:44:01 - [MESSAGE][PASSED] - Delayed 5 second(s)

2018-12-03 14:44:01 - [TEST_STEP][PASSED] - setText: Text '123456' is set on object 'Object Repository/HomeScreen/Password_txt'

2018-12-03 14:44:01 - [MESSAGE][PASSED] - Text '123456' is set on object 'Object Repository/HomeScreen/Password_txt'

2018-12-03 14:44:01 - [TEST_STEP][PASSED] - delay: Delayed 5 second(s)

2018-12-03 14:44:06 - [MESSAGE][PASSED] - Delayed 5 second(s)

2018-12-03 14:44:06 - [TEST_STEP][PASSED] - click: Object: 'Object Repository/HomeScreen/submit_btn' is clicked on

2018-12-03 14:44:08 - [MESSAGE][PASSED] - Object: 'Object Repository/HomeScreen/submit_btn' is clicked on]]></system-out>
         <system-err><![CDATA[]]></system-err>
      </testcase>
      <testcase name="Test Cases/Final/JoinToSchoool" classname="Test Cases/Final/JoinToSchoool" status="PASSED">
         <system-out><![CDATA[2018-12-03 14:44:08 - [TEST_CASE][PASSED] - Test Cases/Final/JoinToSchoool: Test Cases/Final/JoinToSchoool

2018-12-03 14:44:08 - [TEST_STEP][NOT_RUN] - openBrowser: NOT_RUN: openBrowser

2018-12-03 14:44:08 - [MESSAGE][NOT_RUN] - NOT_RUN: openBrowser

2018-12-03 14:44:08 - [TEST_STEP][NOT_RUN] - maximizeWindow: NOT_RUN: maximizeWindow

2018-12-03 14:44:08 - [MESSAGE][NOT_RUN] - NOT_RUN: maximizeWindow

2018-12-03 14:44:08 - [TEST_STEP][NOT_RUN] - navigateToUrl: NOT_RUN: navigateToUrl

2018-12-03 14:44:08 - [MESSAGE][NOT_RUN] - NOT_RUN: navigateToUrl

2018-12-03 14:44:08 - [TEST_STEP][NOT_RUN] - delay: NOT_RUN: delay

2018-12-03 14:44:08 - [MESSAGE][NOT_RUN] - NOT_RUN: delay

2018-12-03 14:44:08 - [TEST_STEP][NOT_RUN] - click: NOT_RUN: click

2018-12-03 14:44:08 - [MESSAGE][NOT_RUN] - NOT_RUN: click

2018-12-03 14:44:08 - [TEST_STEP][NOT_RUN] - delay: NOT_RUN: delay

2018-12-03 14:44:08 - [MESSAGE][NOT_RUN] - NOT_RUN: delay

2018-12-03 14:44:08 - [TEST_STEP][NOT_RUN] - setText: NOT_RUN: setText

2018-12-03 14:44:08 - [MESSAGE][NOT_RUN] - NOT_RUN: setText

2018-12-03 14:44:08 - [TEST_STEP][NOT_RUN] - delay: NOT_RUN: delay

2018-12-03 14:44:08 - [MESSAGE][NOT_RUN] - NOT_RUN: delay

2018-12-03 14:44:08 - [TEST_STEP][NOT_RUN] - setText: NOT_RUN: setText

2018-12-03 14:44:08 - [MESSAGE][NOT_RUN] - NOT_RUN: setText

2018-12-03 14:44:08 - [TEST_STEP][NOT_RUN] - delay: NOT_RUN: delay

2018-12-03 14:44:08 - [MESSAGE][NOT_RUN] - NOT_RUN: delay

2018-12-03 14:44:08 - [TEST_STEP][NOT_RUN] - click: NOT_RUN: click

2018-12-03 14:44:08 - [MESSAGE][NOT_RUN] - NOT_RUN: click

2018-12-03 14:44:08 - [TEST_STEP][NOT_RUN] - delay: NOT_RUN: delay

2018-12-03 14:44:08 - [MESSAGE][NOT_RUN] - NOT_RUN: delay

2018-12-03 14:44:08 - [TEST_STEP][PASSED] - click: Object: 'Object Repository/join to school/schools_btn' is clicked on

2018-12-03 14:44:10 - [MESSAGE][PASSED] - Object: 'Object Repository/join to school/schools_btn' is clicked on

2018-12-03 14:44:10 - [TEST_STEP][PASSED] - delay: Delayed 3 second(s)

2018-12-03 14:44:13 - [MESSAGE][PASSED] - Delayed 3 second(s)

2018-12-03 14:44:13 - [TEST_STEP][PASSED] - click: Object: 'Object Repository/join to school/yahiaschool_btn' is clicked on

2018-12-03 14:44:15 - [MESSAGE][PASSED] - Object: 'Object Repository/join to school/yahiaschool_btn' is clicked on

2018-12-03 14:44:15 - [TEST_STEP][PASSED] - delay: Delayed 3 second(s)

2018-12-03 14:44:18 - [MESSAGE][PASSED] - Delayed 3 second(s)

2018-12-03 14:44:18 - [TEST_STEP][PASSED] - click: Object: 'Object Repository/join to school/Joinschool_btn' is clicked on

2018-12-03 14:44:19 - [MESSAGE][PASSED] - Object: 'Object Repository/join to school/Joinschool_btn' is clicked on

2018-12-03 14:44:19 - [TEST_STEP][PASSED] - delay: Delayed 5 second(s)

2018-12-03 14:44:24 - [MESSAGE][PASSED] - Delayed 5 second(s)

2018-12-03 14:44:24 - [TEST_STEP][PASSED] - setText: Text 'esraa_mohamed' is set on object 'Object Repository/join to school/name_txt'

2018-12-03 14:44:24 - [MESSAGE][PASSED] - Text 'esraa_mohamed' is set on object 'Object Repository/join to school/name_txt'

2018-12-03 14:44:24 - [TEST_STEP][PASSED] - delay: Delayed 3 second(s)

2018-12-03 14:44:27 - [MESSAGE][PASSED] - Delayed 3 second(s)

2018-12-03 14:44:27 - [TEST_STEP][PASSED] - setText: Text 'esraa@yahoo.com' is set on object 'Object Repository/join to school/Email_txt'

2018-12-03 14:44:27 - [MESSAGE][PASSED] - Text 'esraa@yahoo.com' is set on object 'Object Repository/join to school/Email_txt'

2018-12-03 14:44:27 - [TEST_STEP][PASSED] - delay: Delayed 3 second(s)

2018-12-03 14:44:30 - [MESSAGE][PASSED] - Delayed 3 second(s)

2018-12-03 14:44:30 - [TEST_STEP][PASSED] - setText: Text '1234567890' is set on object 'Object Repository/join to school/phone_txt'

2018-12-03 14:44:31 - [MESSAGE][PASSED] - Text '1234567890' is set on object 'Object Repository/join to school/phone_txt'

2018-12-03 14:44:31 - [TEST_STEP][PASSED] - delay: Delayed 5 second(s)

2018-12-03 14:44:36 - [MESSAGE][PASSED] - Delayed 5 second(s)

2018-12-03 14:44:36 - [TEST_STEP][PASSED] - setText: Text '01/10/2010' is set on object 'Object Repository/join to school/birthdate_txt'

2018-12-03 14:44:36 - [MESSAGE][PASSED] - Text '01/10/2010' is set on object 'Object Repository/join to school/birthdate_txt'

2018-12-03 14:44:36 - [TEST_STEP][PASSED] - selectOptionByValue: All options with value '2' are selected in object 'Object Repository/join to school/DropDown_country' 

2018-12-03 14:44:36 - [MESSAGE][PASSED] - All options with value '2' are selected in object 'Object Repository/join to school/DropDown_country' 

2018-12-03 14:44:36 - [TEST_STEP][PASSED] - delay: Delayed 3 second(s)

2018-12-03 14:44:39 - [MESSAGE][PASSED] - Delayed 3 second(s)

2018-12-03 14:44:39 - [TEST_STEP][PASSED] - selectOptionByValue: All options with value '35' are selected in object 'Object Repository/join to school/DropDown_city' 

2018-12-03 14:44:39 - [MESSAGE][PASSED] - All options with value '35' are selected in object 'Object Repository/join to school/DropDown_city' 

2018-12-03 14:44:39 - [TEST_STEP][PASSED] - delay: Delayed 3 second(s)

2018-12-03 14:44:42 - [MESSAGE][PASSED] - Delayed 3 second(s)

2018-12-03 14:44:42 - [TEST_STEP][PASSED] - selectOptionByValue: All options with value '93' are selected in object 'Object Repository/join to school/DropDown_region' 

2018-12-03 14:44:42 - [MESSAGE][PASSED] - All options with value '93' are selected in object 'Object Repository/join to school/DropDown_region' 

2018-12-03 14:44:42 - [TEST_STEP][PASSED] - delay: Delayed 2 second(s)

2018-12-03 14:44:44 - [MESSAGE][PASSED] - Delayed 2 second(s)

2018-12-03 14:44:44 - [TEST_STEP][PASSED] - setText: Text 'helioplis square' is set on object 'Object Repository/join to school/Address_txt'

2018-12-03 14:44:45 - [MESSAGE][PASSED] - Text 'helioplis square' is set on object 'Object Repository/join to school/Address_txt'

2018-12-03 14:44:45 - [TEST_STEP][PASSED] - delay: Delayed 3 second(s)

2018-12-03 14:44:48 - [MESSAGE][PASSED] - Delayed 3 second(s)

2018-12-03 14:44:48 - [TEST_STEP][PASSED] - selectOptionByValue: All options with value '3' are selected in object 'Object Repository/join to school/EducationalStage_txt' 

2018-12-03 14:44:48 - [MESSAGE][PASSED] - All options with value '3' are selected in object 'Object Repository/join to school/EducationalStage_txt' 

2018-12-03 14:44:48 - [TEST_STEP][PASSED] - delay: Delayed 3 second(s)

2018-12-03 14:44:51 - [MESSAGE][PASSED] - Delayed 3 second(s)

2018-12-03 14:44:51 - [TEST_STEP][PASSED] - setText: Text 'HTML ,css' is set on object 'Object Repository/join to school/Experience_txt'

2018-12-03 14:44:51 - [MESSAGE][PASSED] - Text 'HTML ,css' is set on object 'Object Repository/join to school/Experience_txt'

2018-12-03 14:44:51 - [TEST_STEP][PASSED] - delay: Delayed 3 second(s)

2018-12-03 14:44:54 - [MESSAGE][PASSED] - Delayed 3 second(s)

2018-12-03 14:44:54 - [TEST_STEP][PASSED] - uploadFile: File 'C:\Users\M.Kamel\git\regression22\Data Files\1.jpg' sent to object: 'Object Repository/join to school/Image'

2018-12-03 14:44:54 - [MESSAGE][PASSED] - File 'C:\Users\M.Kamel\git\regression22\Data Files\1.jpg' sent to object: 'Object Repository/join to school/Image'

2018-12-03 14:44:54 - [TEST_STEP][PASSED] - click: Object: 'Object Repository/join to school/save_btn' is clicked on

2018-12-03 14:44:54 - [MESSAGE][PASSED] - Object: 'Object Repository/join to school/save_btn' is clicked on]]></system-out>
         <system-err><![CDATA[]]></system-err>
      </testcase>
      <system-out><![CDATA[2018-12-03 14:42:43 - [TEST_SUITE][PASSED] - parent can join to school: Test Cases/Final/JoinToSchoool]]></system-out>
      <system-err><![CDATA[]]></system-err>
   </testsuite>
</testsuites>
