<?xml version="1.0" encoding="UTF-8"?>
<testsuites name="add review" time="135" tests="4" failures="0" errors="0">
   <testsuite name="add review" tests="4" failures="0" errors="0" time="135" timestamp="2018-12-08 12:02:48" hostname="M.Kamel - 10.1.210.151" id="Test Suites/add review">
      <properties>
         <property name="deviceName" value=""/>
         <property name="devicePlatform" value=""/>
         <property name="logFolder" value="C:\\Users\\M.Kamel\\git\\regression2\\Reports\\add review\\20181208_120243"/>
         <property name="logFiles" value="C:\\Users\\M.Kamel\\git\\regression2\\Reports\\add review\\20181208_120243\\execution0.log"/>
         <property name="attachments" value=""/>
         <property name="hostName" value="M.Kamel - 10.1.210.151"/>
         <property name="os" value="Windows 10 64bit"/>
         <property name="katalonVersion" value="5.7.1.1"/>
         <property name="browser" value="Chrome 70.0.3538.110"/>
         <property name="hostAddress" value="10.1.210.151"/>
         <property name="sessionId" value="6c6d8b5e591343e8bf73c0b1765f062e"/>
         <property name="seleniumVersion" value="3.7.1"/>
         <property name="proxyInformation" value="ProxyInformation{proxyOption=NO_PROXY, proxyServerType=HTTP, password=, proxyServerAddress=, proxyServerPort=0}"/>
         <property name="platform" value="Windows 10"/>
      </properties>
      <testcase name="Test Cases/Final/Reg as visitor" classname="Test Cases/Final/Reg as visitor" status="PASSED">
         <system-out><![CDATA[2018-12-08 12:02:48 - [TEST_CASE][PASSED] - Test Cases/Final/Reg as visitor: Test Cases/Final/Reg as visitor

2018-12-08 12:02:48 - [TEST_STEP][PASSED] - openBrowser: Browser is opened with url: ''

2018-12-08 12:02:57 - [MESSAGE][PASSED] - Browser is opened with url: ''

2018-12-08 12:02:57 - [TEST_STEP][PASSED] - maximizeWindow: Current window maximized

2018-12-08 12:02:58 - [MESSAGE][PASSED] - Current window maximized

2018-12-08 12:02:58 - [TEST_STEP][PASSED] - navigateToUrl: Navigate to 'http://www.schooolz.com/visitor/create' successfully

2018-12-08 12:03:02 - [MESSAGE][PASSED] - Navigate to 'http://www.schooolz.com/visitor/create' successfully

2018-12-08 12:03:02 - [TEST_STEP][PASSED] - delay: Delayed 3 second(s)

2018-12-08 12:03:05 - [MESSAGE][PASSED] - Delayed 3 second(s)

2018-12-08 12:03:05 - [TEST_STEP][PASSED] - setText: Text 'brTKXQduMP' is set on object 'Object Repository/reg as visitor/name'

2018-12-08 12:03:06 - [MESSAGE][PASSED] - Text 'brTKXQduMP' is set on object 'Object Repository/reg as visitor/name'

2018-12-08 12:03:06 - [TEST_STEP][PASSED] - delay: Delayed 3 second(s)

2018-12-08 12:03:09 - [MESSAGE][PASSED] - Delayed 3 second(s)

2018-12-08 12:03:09 - [TEST_STEP][PASSED] - setText: Text 'EzlBiswHpR' is set on object 'Object Repository/reg as visitor/username'

2018-12-08 12:03:09 - [MESSAGE][PASSED] - Text 'EzlBiswHpR' is set on object 'Object Repository/reg as visitor/username'

2018-12-08 12:03:09 - [TEST_STEP][PASSED] - delay: Delayed 3 second(s)

2018-12-08 12:03:12 - [MESSAGE][PASSED] - Delayed 3 second(s)

2018-12-08 12:03:12 - [TEST_STEP][PASSED] - setText: Text 'rTzxdQFAgp@gmail.com' is set on object 'Object Repository/reg as visitor/email'

2018-12-08 12:03:12 - [MESSAGE][PASSED] - Text 'rTzxdQFAgp@gmail.com' is set on object 'Object Repository/reg as visitor/email'

2018-12-08 12:03:12 - [TEST_STEP][PASSED] - delay: Delayed 3 second(s)

2018-12-08 12:03:15 - [MESSAGE][PASSED] - Delayed 3 second(s)

2018-12-08 12:03:15 - [TEST_STEP][PASSED] - setText: Text '123456789' is set on object 'Object Repository/reg as visitor/password'

2018-12-08 12:03:15 - [MESSAGE][PASSED] - Text '123456789' is set on object 'Object Repository/reg as visitor/password'

2018-12-08 12:03:15 - [TEST_STEP][PASSED] - delay: Delayed 3 second(s)

2018-12-08 12:03:18 - [MESSAGE][PASSED] - Delayed 3 second(s)

2018-12-08 12:03:18 - [TEST_STEP][PASSED] - setText: Text '123456789' is set on object 'Object Repository/reg as visitor/confirmpassword'

2018-12-08 12:03:19 - [MESSAGE][PASSED] - Text '123456789' is set on object 'Object Repository/reg as visitor/confirmpassword'

2018-12-08 12:03:19 - [TEST_STEP][PASSED] - delay: Delayed 3 second(s)

2018-12-08 12:03:22 - [MESSAGE][PASSED] - Delayed 3 second(s)

2018-12-08 12:03:22 - [TEST_STEP][NOT_RUN] - setText: NOT_RUN: setText

2018-12-08 12:03:22 - [MESSAGE][NOT_RUN] - NOT_RUN: setText

2018-12-08 12:03:22 - [TEST_STEP][PASSED] - delay: Delayed 3 second(s)

2018-12-08 12:03:25 - [MESSAGE][PASSED] - Delayed 3 second(s)

2018-12-08 12:03:25 - [TEST_STEP][PASSED] - selectOptionByValue: All options with value '1' are selected in object 'Object Repository/reg as visitor/country' 

2018-12-08 12:03:25 - [MESSAGE][PASSED] - All options with value '1' are selected in object 'Object Repository/reg as visitor/country' 

2018-12-08 12:03:25 - [TEST_STEP][PASSED] - delay: Delayed 3 second(s)

2018-12-08 12:03:28 - [MESSAGE][PASSED] - Delayed 3 second(s)

2018-12-08 12:03:28 - [TEST_STEP][PASSED] - selectOptionByIndex: All options with index in [2] are selected on object 'Object Repository/reg as visitor/city'

2018-12-08 12:03:28 - [MESSAGE][PASSED] - All options with index in [2] are selected on object 'Object Repository/reg as visitor/city'

2018-12-08 12:03:28 - [TEST_STEP][PASSED] - delay: Delayed 3 second(s)

2018-12-08 12:03:31 - [MESSAGE][PASSED] - Delayed 3 second(s)

2018-12-08 12:03:31 - [TEST_STEP][PASSED] - selectOptionByIndex: All options with index in [3] are selected on object 'Object Repository/reg as visitor/region'

2018-12-08 12:03:31 - [MESSAGE][PASSED] - All options with index in [3] are selected on object 'Object Repository/reg as visitor/region'

2018-12-08 12:03:31 - [TEST_STEP][PASSED] - delay: Delayed 3 second(s)

2018-12-08 12:03:34 - [MESSAGE][PASSED] - Delayed 3 second(s)

2018-12-08 12:03:34 - [TEST_STEP][PASSED] - setText: Text 'helioplis' is set on object 'Object Repository/reg as visitor/address'

2018-12-08 12:03:35 - [MESSAGE][PASSED] - Text 'helioplis' is set on object 'Object Repository/reg as visitor/address'

2018-12-08 12:03:35 - [TEST_STEP][PASSED] - delay: Delayed 3 second(s)

2018-12-08 12:03:38 - [MESSAGE][PASSED] - Delayed 3 second(s)

2018-12-08 12:03:38 - [TEST_STEP][PASSED] - setText: Text '10/10/2010' is set on object 'Object Repository/reg as visitor/birth date'

2018-12-08 12:03:38 - [MESSAGE][PASSED] - Text '10/10/2010' is set on object 'Object Repository/reg as visitor/birth date'

2018-12-08 12:03:38 - [TEST_STEP][PASSED] - delay: Delayed 3 second(s)

2018-12-08 12:03:41 - [MESSAGE][PASSED] - Delayed 3 second(s)

2018-12-08 12:03:41 - [TEST_STEP][NOT_RUN] - setText: NOT_RUN: setText

2018-12-08 12:03:41 - [MESSAGE][NOT_RUN] - NOT_RUN: setText

2018-12-08 12:03:41 - [TEST_STEP][PASSED] - delay: Delayed 3 second(s)

2018-12-08 12:03:44 - [MESSAGE][PASSED] - Delayed 3 second(s)

2018-12-08 12:03:44 - [TEST_STEP][PASSED] - uploadFile: File 'C:\Users\M.Kamel\git\regression2\Data Files\1.jpg' sent to object: 'Object Repository/reg as visitor/image'

2018-12-08 12:03:44 - [MESSAGE][PASSED] - File 'C:\Users\M.Kamel\git\regression2\Data Files\1.jpg' sent to object: 'Object Repository/reg as visitor/image'

2018-12-08 12:03:44 - [TEST_STEP][PASSED] - delay: Delayed 3 second(s)

2018-12-08 12:03:47 - [MESSAGE][PASSED] - Delayed 3 second(s)

2018-12-08 12:03:47 - [TEST_STEP][PASSED] - click: Object: 'Object Repository/reg as visitor/save_btn' is clicked on

2018-12-08 12:03:49 - [MESSAGE][PASSED] - Object: 'Object Repository/reg as visitor/save_btn' is clicked on]]></system-out>
         <system-err><![CDATA[]]></system-err>
      </testcase>
      <testcase name="Test Cases/Final/logout - Copy" classname="Test Cases/Final/logout - Copy" status="PASSED">
         <system-out><![CDATA[2018-12-08 12:03:49 - [TEST_CASE][PASSED] - Test Cases/Final/logout - Copy: Test Cases/Final/logout - Copy

2018-12-08 12:03:49 - [TEST_STEP][NOT_RUN] - openBrowser: NOT_RUN: openBrowser

2018-12-08 12:03:49 - [MESSAGE][NOT_RUN] - NOT_RUN: openBrowser

2018-12-08 12:03:49 - [TEST_STEP][NOT_RUN] - maximizeWindow: NOT_RUN: maximizeWindow

2018-12-08 12:03:49 - [MESSAGE][NOT_RUN] - NOT_RUN: maximizeWindow

2018-12-08 12:03:49 - [TEST_STEP][NOT_RUN] - navigateToUrl: NOT_RUN: navigateToUrl

2018-12-08 12:03:49 - [MESSAGE][NOT_RUN] - NOT_RUN: navigateToUrl

2018-12-08 12:03:49 - [TEST_STEP][NOT_RUN] - delay: NOT_RUN: delay

2018-12-08 12:03:49 - [MESSAGE][NOT_RUN] - NOT_RUN: delay

2018-12-08 12:03:49 - [TEST_STEP][NOT_RUN] - click: NOT_RUN: click

2018-12-08 12:03:49 - [MESSAGE][NOT_RUN] - NOT_RUN: click

2018-12-08 12:03:49 - [TEST_STEP][NOT_RUN] - delay: NOT_RUN: delay

2018-12-08 12:03:49 - [MESSAGE][NOT_RUN] - NOT_RUN: delay

2018-12-08 12:03:49 - [TEST_STEP][NOT_RUN] - setText: NOT_RUN: setText

2018-12-08 12:03:49 - [MESSAGE][NOT_RUN] - NOT_RUN: setText

2018-12-08 12:03:49 - [TEST_STEP][NOT_RUN] - delay: NOT_RUN: delay

2018-12-08 12:03:49 - [MESSAGE][NOT_RUN] - NOT_RUN: delay

2018-12-08 12:03:49 - [TEST_STEP][NOT_RUN] - setText: NOT_RUN: setText

2018-12-08 12:03:49 - [MESSAGE][NOT_RUN] - NOT_RUN: setText

2018-12-08 12:03:49 - [TEST_STEP][NOT_RUN] - delay: NOT_RUN: delay

2018-12-08 12:03:49 - [MESSAGE][NOT_RUN] - NOT_RUN: delay

2018-12-08 12:03:49 - [TEST_STEP][NOT_RUN] - click: NOT_RUN: click

2018-12-08 12:03:49 - [MESSAGE][NOT_RUN] - NOT_RUN: click

2018-12-08 12:03:49 - [TEST_STEP][PASSED] - delay: Delayed 5 second(s)

2018-12-08 12:03:54 - [MESSAGE][PASSED] - Delayed 5 second(s)

2018-12-08 12:03:54 - [TEST_STEP][PASSED] - click: Object: 'Object Repository/HomeScreen/profile_icon' is clicked on

2018-12-08 12:03:54 - [MESSAGE][PASSED] - Object: 'Object Repository/HomeScreen/profile_icon' is clicked on

2018-12-08 12:03:54 - [TEST_STEP][PASSED] - delay: Delayed 5 second(s)

2018-12-08 12:03:59 - [MESSAGE][PASSED] - Delayed 5 second(s)

2018-12-08 12:03:59 - [TEST_STEP][PASSED] - click: Object: 'Object Repository/HomeScreen/logout_button' is clicked on

2018-12-08 12:04:08 - [MESSAGE][PASSED] - Object: 'Object Repository/HomeScreen/logout_button' is clicked on]]></system-out>
         <system-err><![CDATA[]]></system-err>
      </testcase>
      <testcase name="Test Cases/Final/Login - visitor - Copy" classname="Test Cases/Final/Login - visitor - Copy" status="PASSED">
         <system-out><![CDATA[2018-12-08 12:04:08 - [TEST_CASE][PASSED] - Test Cases/Final/Login - visitor - Copy: Test Cases/Final/Login - visitor - Copy

2018-12-08 12:04:08 - [TEST_STEP][NOT_RUN] - openBrowser: NOT_RUN: openBrowser

2018-12-08 12:04:08 - [MESSAGE][NOT_RUN] - NOT_RUN: openBrowser

2018-12-08 12:04:08 - [TEST_STEP][NOT_RUN] - maximizeWindow: NOT_RUN: maximizeWindow

2018-12-08 12:04:08 - [MESSAGE][NOT_RUN] - NOT_RUN: maximizeWindow

2018-12-08 12:04:08 - [TEST_STEP][PASSED] - navigateToUrl: Navigate to 'https://www.schooolz.com' successfully

2018-12-08 12:04:18 - [MESSAGE][PASSED] - Navigate to 'https://www.schooolz.com' successfully

2018-12-08 12:04:18 - [TEST_STEP][PASSED] - delay: Delayed 10 second(s)

2018-12-08 12:04:28 - [MESSAGE][PASSED] - Delayed 10 second(s)

2018-12-08 12:04:28 - [TEST_STEP][PASSED] - click: Object: 'Object Repository/join to school/login_btn' is clicked on

2018-12-08 12:04:28 - [MESSAGE][PASSED] - Object: 'Object Repository/join to school/login_btn' is clicked on

2018-12-08 12:04:28 - [TEST_STEP][PASSED] - delay: Delayed 5 second(s)

2018-12-08 12:04:33 - [MESSAGE][PASSED] - Delayed 5 second(s)

2018-12-08 12:04:33 - [TEST_STEP][PASSED] - setText: Text 'eQQqkxYQyh@gmail.com' is set on object 'Object Repository/join to school/UserName_txt'

2018-12-08 12:04:33 - [MESSAGE][PASSED] - Text 'eQQqkxYQyh@gmail.com' is set on object 'Object Repository/join to school/UserName_txt'

2018-12-08 12:04:33 - [TEST_STEP][PASSED] - setText: Text '123456789' is set on object 'Object Repository/join to school/UserPassword_txt'

2018-12-08 12:04:33 - [MESSAGE][PASSED] - Text '123456789' is set on object 'Object Repository/join to school/UserPassword_txt'

2018-12-08 12:04:33 - [TEST_STEP][PASSED] - click: Object: 'Object Repository/join to school/register_btn' is clicked on

2018-12-08 12:04:35 - [MESSAGE][PASSED] - Object: 'Object Repository/join to school/register_btn' is clicked on]]></system-out>
         <system-err><![CDATA[]]></system-err>
      </testcase>
      <testcase name="Test Cases/Final/Add Review1" classname="Test Cases/Final/Add Review1" status="PASSED">
         <system-out><![CDATA[2018-12-08 12:04:35 - [TEST_CASE][PASSED] - Test Cases/Final/Add Review1: Test Cases/Final/Add Review1

2018-12-08 12:04:35 - [TEST_STEP][NOT_RUN] - openBrowser: NOT_RUN: openBrowser

2018-12-08 12:04:35 - [MESSAGE][NOT_RUN] - NOT_RUN: openBrowser

2018-12-08 12:04:35 - [TEST_STEP][NOT_RUN] - maximizeWindow: NOT_RUN: maximizeWindow

2018-12-08 12:04:35 - [MESSAGE][NOT_RUN] - NOT_RUN: maximizeWindow

2018-12-08 12:04:35 - [TEST_STEP][NOT_RUN] - navigateToUrl: NOT_RUN: navigateToUrl

2018-12-08 12:04:35 - [MESSAGE][NOT_RUN] - NOT_RUN: navigateToUrl

2018-12-08 12:04:35 - [TEST_STEP][NOT_RUN] - delay: NOT_RUN: delay

2018-12-08 12:04:35 - [MESSAGE][NOT_RUN] - NOT_RUN: delay

2018-12-08 12:04:35 - [TEST_STEP][NOT_RUN] - click: NOT_RUN: click

2018-12-08 12:04:35 - [MESSAGE][NOT_RUN] - NOT_RUN: click

2018-12-08 12:04:35 - [TEST_STEP][NOT_RUN] - delay: NOT_RUN: delay

2018-12-08 12:04:35 - [MESSAGE][NOT_RUN] - NOT_RUN: delay

2018-12-08 12:04:35 - [TEST_STEP][NOT_RUN] - setText: NOT_RUN: setText

2018-12-08 12:04:35 - [MESSAGE][NOT_RUN] - NOT_RUN: setText

2018-12-08 12:04:35 - [TEST_STEP][NOT_RUN] - delay: NOT_RUN: delay

2018-12-08 12:04:35 - [MESSAGE][NOT_RUN] - NOT_RUN: delay

2018-12-08 12:04:35 - [TEST_STEP][NOT_RUN] - setText: NOT_RUN: setText

2018-12-08 12:04:35 - [MESSAGE][NOT_RUN] - NOT_RUN: setText

2018-12-08 12:04:35 - [TEST_STEP][NOT_RUN] - delay: NOT_RUN: delay

2018-12-08 12:04:35 - [MESSAGE][NOT_RUN] - NOT_RUN: delay

2018-12-08 12:04:35 - [TEST_STEP][NOT_RUN] - click: NOT_RUN: click

2018-12-08 12:04:35 - [MESSAGE][NOT_RUN] - NOT_RUN: click

2018-12-08 12:04:35 - [TEST_STEP][PASSED] - delay: Delayed 3 second(s)

2018-12-08 12:04:38 - [MESSAGE][PASSED] - Delayed 3 second(s)

2018-12-08 12:04:38 - [TEST_STEP][PASSED] - click: Object: 'Object Repository/AddReview/schools_btn' is clicked on

2018-12-08 12:04:40 - [MESSAGE][PASSED] - Object: 'Object Repository/AddReview/schools_btn' is clicked on

2018-12-08 12:04:40 - [TEST_STEP][PASSED] - delay: Delayed 3 second(s)

2018-12-08 12:04:43 - [MESSAGE][PASSED] - Delayed 3 second(s)

2018-12-08 12:04:43 - [TEST_STEP][PASSED] - click: Object: 'Object Repository/AddReview/numbers_btn' is clicked on

2018-12-08 12:04:45 - [MESSAGE][PASSED] - Object: 'Object Repository/AddReview/numbers_btn' is clicked on

2018-12-08 12:04:45 - [TEST_STEP][PASSED] - delay: Delayed 3 second(s)

2018-12-08 12:04:48 - [MESSAGE][PASSED] - Delayed 3 second(s)

2018-12-08 12:04:48 - [TEST_STEP][PASSED] - click: Object: 'Object Repository/AddReview/rehab_school' is clicked on

2018-12-08 12:04:49 - [MESSAGE][PASSED] - Object: 'Object Repository/AddReview/rehab_school' is clicked on

2018-12-08 12:04:49 - [TEST_STEP][PASSED] - delay: Delayed 3 second(s)

2018-12-08 12:04:52 - [MESSAGE][PASSED] - Delayed 3 second(s)

2018-12-08 12:04:52 - [TEST_STEP][PASSED] - click: Object: 'Object Repository/AddReview/add_review_btn' is clicked on

2018-12-08 12:04:52 - [MESSAGE][PASSED] - Object: 'Object Repository/AddReview/add_review_btn' is clicked on

2018-12-08 12:04:52 - [TEST_STEP][PASSED] - delay: Delayed 3 second(s)

2018-12-08 12:04:55 - [MESSAGE][PASSED] - Delayed 3 second(s)

2018-12-08 12:04:55 - [TEST_STEP][PASSED] - setText: Text 'very nice' is set on object 'Object Repository/AddReview/Description_txt'

2018-12-08 12:04:56 - [MESSAGE][PASSED] - Text 'very nice' is set on object 'Object Repository/AddReview/Description_txt'

2018-12-08 12:04:56 - [TEST_STEP][PASSED] - delay: Delayed 3 second(s)

2018-12-08 12:04:59 - [MESSAGE][PASSED] - Delayed 3 second(s)

2018-12-08 12:04:59 - [TEST_STEP][PASSED] - click: Object: 'Object Repository/AddReview/ranke' is clicked on

2018-12-08 12:04:59 - [MESSAGE][PASSED] - Object: 'Object Repository/AddReview/ranke' is clicked on

2018-12-08 12:04:59 - [TEST_STEP][PASSED] - delay: Delayed 3 second(s)

2018-12-08 12:05:02 - [MESSAGE][PASSED] - Delayed 3 second(s)

2018-12-08 12:05:02 - [TEST_STEP][PASSED] - click: Object: 'Object Repository/AddReview/submit_review' is clicked on

2018-12-08 12:05:02 - [MESSAGE][PASSED] - Object: 'Object Repository/AddReview/submit_review' is clicked on]]></system-out>
         <system-err><![CDATA[]]></system-err>
      </testcase>
      <system-out><![CDATA[2018-12-08 12:02:48 - [TEST_SUITE][PASSED] - add review: Test Cases/Final/Add Review1]]></system-out>
      <system-err><![CDATA[]]></system-err>
   </testsuite>
</testsuites>
