<?xml version="1.0" encoding="UTF-8"?>
<testsuites name="advanced search" time="150" tests="12" failures="0" errors="0">
   <testsuite name="advanced search" tests="12" failures="0" errors="0" time="150" timestamp="2018-12-03 15:30:26" hostname="M.Kamel - 10.1.210.151" id="Test Suites/advanced search">
      <properties>
         <property name="deviceName" value=""/>
         <property name="devicePlatform" value=""/>
         <property name="logFolder" value="C:\\Users\\M.Kamel\\git\\regression2\\Reports\\advanced search\\20181203_153024"/>
         <property name="logFiles" value="C:\\Users\\M.Kamel\\git\\regression2\\Reports\\advanced search\\20181203_153024\\execution0.log"/>
         <property name="attachments" value=""/>
         <property name="hostName" value="M.Kamel - 10.1.210.151"/>
         <property name="os" value="Windows 10 64bit"/>
         <property name="katalonVersion" value="5.7.1.1"/>
         <property name="browser" value="Chrome 70.0.3538.110"/>
         <property name="hostAddress" value="10.1.210.151"/>
         <property name="sessionId" value="5a1b5fc634845c254428a5bf9760a8c0"/>
         <property name="seleniumVersion" value="3.7.1"/>
         <property name="proxyInformation" value="ProxyInformation{proxyOption=NO_PROXY, proxyServerType=HTTP, password=, proxyServerAddress=, proxyServerPort=0}"/>
         <property name="platform" value="Windows 10"/>
      </properties>
      <testcase name="Test Cases/Final/search_with_specialty" classname="Test Cases/Final/search_with_specialty" status="PASSED">
         <system-out><![CDATA[2018-12-03 15:30:26 - [TEST_CASE][PASSED] - Test Cases/Final/search_with_specialty: Test Cases/Final/search_with_specialty

2018-12-03 15:30:26 - [TEST_STEP][PASSED] - openBrowser: Browser is opened with url: ''

2018-12-03 15:30:29 - [MESSAGE][PASSED] - Browser is opened with url: ''

2018-12-03 15:30:29 - [TEST_STEP][PASSED] - maximizeWindow: Current window maximized

2018-12-03 15:30:30 - [MESSAGE][PASSED] - Current window maximized

2018-12-03 15:30:30 - [TEST_STEP][PASSED] - navigateToUrl: Navigate to 'https://www.schooolz.com' successfully

2018-12-03 15:30:43 - [MESSAGE][PASSED] - Navigate to 'https://www.schooolz.com' successfully

2018-12-03 15:30:43 - [TEST_STEP][PASSED] - click: Object: 'Object Repository/advanced search1/home_search_btn' is clicked on

2018-12-03 15:30:44 - [MESSAGE][PASSED] - Object: 'Object Repository/advanced search1/home_search_btn' is clicked on

2018-12-03 15:30:44 - [TEST_STEP][PASSED] - delay: Delayed 3 second(s)

2018-12-03 15:30:47 - [MESSAGE][PASSED] - Delayed 3 second(s)

2018-12-03 15:30:47 - [TEST_STEP][PASSED] - click: Object: 'Object Repository/advanced search1/advanced_search_btn' is clicked on

2018-12-03 15:30:49 - [MESSAGE][PASSED] - Object: 'Object Repository/advanced search1/advanced_search_btn' is clicked on

2018-12-03 15:30:49 - [TEST_STEP][PASSED] - delay: Delayed 3 second(s)

2018-12-03 15:30:52 - [MESSAGE][PASSED] - Delayed 3 second(s)

2018-12-03 15:30:52 - [TEST_STEP][PASSED] - click: Object: 'Object Repository/advanced search1/spciality' is clicked on

2018-12-03 15:30:52 - [MESSAGE][PASSED] - Object: 'Object Repository/advanced search1/spciality' is clicked on

2018-12-03 15:30:52 - [TEST_STEP][PASSED] - delay: Delayed 3 second(s)

2018-12-03 15:30:55 - [MESSAGE][PASSED] - Delayed 3 second(s)

2018-12-03 15:30:55 - [TEST_STEP][PASSED] - check: Object 'Object Repository/advanced search1/governmental_checkbox' is checked

2018-12-03 15:30:55 - [MESSAGE][PASSED] - Object 'Object Repository/advanced search1/governmental_checkbox' is checked

2018-12-03 15:30:55 - [TEST_STEP][PASSED] - verifyElementChecked: Object 'Object Repository/advanced search1/governmental_checkbox' is checked

2018-12-03 15:30:55 - [MESSAGE][WARNING] - Timeout '0' is invalid. Using default page load timeout: '30'

2018-12-03 15:30:55 - [MESSAGE][PASSED] - Object 'Object Repository/advanced search1/governmental_checkbox' is checked

2018-12-03 15:30:55 - [TEST_STEP][PASSED] - delay: Delayed 10 second(s)

2018-12-03 15:31:05 - [MESSAGE][PASSED] - Delayed 10 second(s)

2018-12-03 15:31:05 - [TEST_STEP][NOT_RUN] - verifyTextPresent: NOT_RUN: verifyTextPresent

2018-12-03 15:31:05 - [MESSAGE][NOT_RUN] - NOT_RUN: verifyTextPresent]]></system-out>
         <system-err><![CDATA[]]></system-err>
      </testcase>
      <testcase name="Test Cases/Final/back to advanced search" classname="Test Cases/Final/back to advanced search" status="PASSED">
         <system-out><![CDATA[2018-12-03 15:31:05 - [TEST_CASE][PASSED] - Test Cases/Final/back to advanced search: Test Cases/Final/back to advanced search

2018-12-03 15:31:05 - [TEST_STEP][PASSED] - navigateToUrl: Navigate to 'http://www.schooolz.com/homeSearch?school_name=&category_id=&country_id=&city_id=&action=Home_Result' successfully

2018-12-03 15:31:10 - [MESSAGE][PASSED] - Navigate to 'http://www.schooolz.com/homeSearch?school_name=&category_id=&country_id=&city_id=&action=Home_Result' successfully

2018-12-03 15:31:10 - [TEST_STEP][PASSED] - delay: Delayed 5 second(s)

2018-12-03 15:31:15 - [MESSAGE][PASSED] - Delayed 5 second(s)

2018-12-03 15:31:15 - [TEST_STEP][PASSED] - click: Object: 'Object Repository/advanced search1/advanced_search_btn' is clicked on

2018-12-03 15:31:17 - [MESSAGE][PASSED] - Object: 'Object Repository/advanced search1/advanced_search_btn' is clicked on]]></system-out>
         <system-err><![CDATA[]]></system-err>
      </testcase>
      <testcase name="Test Cases/Final/search with kind of school" classname="Test Cases/Final/search with kind of school" status="PASSED">
         <system-out><![CDATA[2018-12-03 15:31:17 - [TEST_CASE][PASSED] - Test Cases/Final/search with kind of school: Test Cases/Final/search with kind of school

2018-12-03 15:31:17 - [TEST_STEP][NOT_RUN] - openBrowser: NOT_RUN: openBrowser

2018-12-03 15:31:17 - [MESSAGE][NOT_RUN] - NOT_RUN: openBrowser

2018-12-03 15:31:17 - [TEST_STEP][NOT_RUN] - maximizeWindow: NOT_RUN: maximizeWindow

2018-12-03 15:31:17 - [MESSAGE][NOT_RUN] - NOT_RUN: maximizeWindow

2018-12-03 15:31:17 - [TEST_STEP][NOT_RUN] - navigateToUrl: NOT_RUN: navigateToUrl

2018-12-03 15:31:17 - [MESSAGE][NOT_RUN] - NOT_RUN: navigateToUrl

2018-12-03 15:31:17 - [TEST_STEP][NOT_RUN] - click: NOT_RUN: click

2018-12-03 15:31:17 - [MESSAGE][NOT_RUN] - NOT_RUN: click

2018-12-03 15:31:17 - [TEST_STEP][NOT_RUN] - delay: NOT_RUN: delay

2018-12-03 15:31:17 - [MESSAGE][NOT_RUN] - NOT_RUN: delay

2018-12-03 15:31:17 - [TEST_STEP][NOT_RUN] - click: NOT_RUN: click

2018-12-03 15:31:17 - [MESSAGE][NOT_RUN] - NOT_RUN: click

2018-12-03 15:31:17 - [TEST_STEP][PASSED] - delay: Delayed 3 second(s)

2018-12-03 15:31:20 - [MESSAGE][PASSED] - Delayed 3 second(s)

2018-12-03 15:31:20 - [TEST_STEP][PASSED] - click: Object: 'Object Repository/advanced search1/kind of school' is clicked on

2018-12-03 15:31:20 - [MESSAGE][PASSED] - Object: 'Object Repository/advanced search1/kind of school' is clicked on

2018-12-03 15:31:20 - [TEST_STEP][PASSED] - delay: Delayed 3 second(s)

2018-12-03 15:31:23 - [MESSAGE][PASSED] - Delayed 3 second(s)

2018-12-03 15:31:23 - [TEST_STEP][PASSED] - check: Object 'Object Repository/advanced search1/kind_of_school_checkbox' is checked

2018-12-03 15:31:23 - [MESSAGE][PASSED] - Object 'Object Repository/advanced search1/kind_of_school_checkbox' is checked

2018-12-03 15:31:23 - [TEST_STEP][PASSED] - verifyElementChecked: Object 'Object Repository/advanced search1/kind_of_school_checkbox' is checked

2018-12-03 15:31:23 - [MESSAGE][WARNING] - Timeout '0' is invalid. Using default page load timeout: '30'

2018-12-03 15:31:23 - [MESSAGE][PASSED] - Object 'Object Repository/advanced search1/kind_of_school_checkbox' is checked

2018-12-03 15:31:23 - [TEST_STEP][PASSED] - delay: Delayed 10 second(s)

2018-12-03 15:31:33 - [MESSAGE][PASSED] - Delayed 10 second(s)

2018-12-03 15:31:33 - [TEST_STEP][NOT_RUN] - delay: NOT_RUN: delay

2018-12-03 15:31:33 - [MESSAGE][NOT_RUN] - NOT_RUN: delay]]></system-out>
         <system-err><![CDATA[]]></system-err>
      </testcase>
      <testcase name="Test Cases/Final/back to advanced search1" classname="Test Cases/Final/back to advanced search1" status="PASSED">
         <system-out><![CDATA[2018-12-03 15:31:33 - [TEST_CASE][PASSED] - Test Cases/Final/back to advanced search1: Test Cases/Final/back to advanced search1

2018-12-03 15:31:33 - [TEST_STEP][PASSED] - navigateToUrl: Navigate to 'http://www.schooolz.com/homeSearch?school_name=&category_id=&country_id=&city_id=&action=Home_Result' successfully

2018-12-03 15:31:34 - [MESSAGE][PASSED] - Navigate to 'http://www.schooolz.com/homeSearch?school_name=&category_id=&country_id=&city_id=&action=Home_Result' successfully

2018-12-03 15:31:34 - [TEST_STEP][PASSED] - delay: Delayed 5 second(s)

2018-12-03 15:31:39 - [MESSAGE][PASSED] - Delayed 5 second(s)

2018-12-03 15:31:39 - [TEST_STEP][PASSED] - click: Object: 'Object Repository/advanced search1/advanced_search_btn' is clicked on

2018-12-03 15:31:42 - [MESSAGE][PASSED] - Object: 'Object Repository/advanced search1/advanced_search_btn' is clicked on]]></system-out>
         <system-err><![CDATA[]]></system-err>
      </testcase>
      <testcase name="Test Cases/Final/search with country" classname="Test Cases/Final/search with country" status="PASSED">
         <system-out><![CDATA[2018-12-03 15:31:42 - [TEST_CASE][PASSED] - Test Cases/Final/search with country: Test Cases/Final/search with country

2018-12-03 15:31:42 - [TEST_STEP][NOT_RUN] - openBrowser: NOT_RUN: openBrowser

2018-12-03 15:31:42 - [MESSAGE][NOT_RUN] - NOT_RUN: openBrowser

2018-12-03 15:31:42 - [TEST_STEP][NOT_RUN] - maximizeWindow: NOT_RUN: maximizeWindow

2018-12-03 15:31:42 - [MESSAGE][NOT_RUN] - NOT_RUN: maximizeWindow

2018-12-03 15:31:42 - [TEST_STEP][NOT_RUN] - navigateToUrl: NOT_RUN: navigateToUrl

2018-12-03 15:31:42 - [MESSAGE][NOT_RUN] - NOT_RUN: navigateToUrl

2018-12-03 15:31:42 - [TEST_STEP][NOT_RUN] - click: NOT_RUN: click

2018-12-03 15:31:42 - [MESSAGE][NOT_RUN] - NOT_RUN: click

2018-12-03 15:31:42 - [TEST_STEP][NOT_RUN] - delay: NOT_RUN: delay

2018-12-03 15:31:42 - [MESSAGE][NOT_RUN] - NOT_RUN: delay

2018-12-03 15:31:42 - [TEST_STEP][NOT_RUN] - click: NOT_RUN: click

2018-12-03 15:31:42 - [MESSAGE][NOT_RUN] - NOT_RUN: click

2018-12-03 15:31:42 - [TEST_STEP][PASSED] - delay: Delayed 3 second(s)

2018-12-03 15:31:45 - [MESSAGE][PASSED] - Delayed 3 second(s)

2018-12-03 15:31:45 - [TEST_STEP][PASSED] - click: Object: 'Object Repository/advanced search1/country' is clicked on

2018-12-03 15:31:45 - [MESSAGE][PASSED] - Object: 'Object Repository/advanced search1/country' is clicked on

2018-12-03 15:31:45 - [TEST_STEP][PASSED] - delay: Delayed 3 second(s)

2018-12-03 15:31:48 - [MESSAGE][PASSED] - Delayed 3 second(s)

2018-12-03 15:31:48 - [TEST_STEP][PASSED] - check: Object 'Object Repository/advanced search1/country_checkbox' is checked

2018-12-03 15:31:48 - [MESSAGE][PASSED] - Object 'Object Repository/advanced search1/country_checkbox' is checked

2018-12-03 15:31:48 - [TEST_STEP][PASSED] - verifyElementChecked: Object 'Object Repository/advanced search1/country_checkbox' is checked

2018-12-03 15:31:48 - [MESSAGE][WARNING] - Timeout '0' is invalid. Using default page load timeout: '30'

2018-12-03 15:31:48 - [MESSAGE][PASSED] - Object 'Object Repository/advanced search1/country_checkbox' is checked]]></system-out>
         <system-err><![CDATA[]]></system-err>
      </testcase>
      <testcase name="Test Cases/Final/search with city" classname="Test Cases/Final/search with city" status="PASSED">
         <system-out><![CDATA[2018-12-03 15:31:48 - [TEST_CASE][PASSED] - Test Cases/Final/search with city: Test Cases/Final/search with city

2018-12-03 15:31:48 - [TEST_STEP][NOT_RUN] - openBrowser: NOT_RUN: openBrowser

2018-12-03 15:31:48 - [MESSAGE][NOT_RUN] - NOT_RUN: openBrowser

2018-12-03 15:31:48 - [TEST_STEP][NOT_RUN] - maximizeWindow: NOT_RUN: maximizeWindow

2018-12-03 15:31:48 - [MESSAGE][NOT_RUN] - NOT_RUN: maximizeWindow

2018-12-03 15:31:48 - [TEST_STEP][NOT_RUN] - navigateToUrl: NOT_RUN: navigateToUrl

2018-12-03 15:31:48 - [MESSAGE][NOT_RUN] - NOT_RUN: navigateToUrl

2018-12-03 15:31:48 - [TEST_STEP][NOT_RUN] - click: NOT_RUN: click

2018-12-03 15:31:48 - [MESSAGE][NOT_RUN] - NOT_RUN: click

2018-12-03 15:31:48 - [TEST_STEP][NOT_RUN] - delay: NOT_RUN: delay

2018-12-03 15:31:48 - [MESSAGE][NOT_RUN] - NOT_RUN: delay

2018-12-03 15:31:48 - [TEST_STEP][NOT_RUN] - click: NOT_RUN: click

2018-12-03 15:31:48 - [MESSAGE][NOT_RUN] - NOT_RUN: click

2018-12-03 15:31:48 - [TEST_STEP][NOT_RUN] - delay: NOT_RUN: delay

2018-12-03 15:31:48 - [MESSAGE][NOT_RUN] - NOT_RUN: delay

2018-12-03 15:31:48 - [TEST_STEP][NOT_RUN] - click: NOT_RUN: click

2018-12-03 15:31:48 - [MESSAGE][NOT_RUN] - NOT_RUN: click

2018-12-03 15:31:48 - [TEST_STEP][NOT_RUN] - delay: NOT_RUN: delay

2018-12-03 15:31:48 - [MESSAGE][NOT_RUN] - NOT_RUN: delay

2018-12-03 15:31:48 - [TEST_STEP][NOT_RUN] - check: NOT_RUN: check

2018-12-03 15:31:48 - [MESSAGE][NOT_RUN] - NOT_RUN: check

2018-12-03 15:31:48 - [TEST_STEP][NOT_RUN] - verifyElementChecked: NOT_RUN: verifyElementChecked

2018-12-03 15:31:48 - [MESSAGE][NOT_RUN] - NOT_RUN: verifyElementChecked

2018-12-03 15:31:48 - [TEST_STEP][PASSED] - delay: Delayed 3 second(s)

2018-12-03 15:31:51 - [MESSAGE][PASSED] - Delayed 3 second(s)

2018-12-03 15:31:51 - [TEST_STEP][PASSED] - click: Object: 'Object Repository/advanced search1/city' is clicked on

2018-12-03 15:31:51 - [MESSAGE][PASSED] - Object: 'Object Repository/advanced search1/city' is clicked on

2018-12-03 15:31:51 - [TEST_STEP][PASSED] - delay: Delayed 3 second(s)

2018-12-03 15:31:54 - [MESSAGE][PASSED] - Delayed 3 second(s)

2018-12-03 15:31:54 - [TEST_STEP][PASSED] - check: Object 'Object Repository/advanced search1/city_checkbox' is checked

2018-12-03 15:31:54 - [MESSAGE][PASSED] - Object 'Object Repository/advanced search1/city_checkbox' is checked

2018-12-03 15:31:54 - [TEST_STEP][PASSED] - verifyElementChecked: Object 'Object Repository/advanced search1/city_checkbox' is checked

2018-12-03 15:31:54 - [MESSAGE][WARNING] - Timeout '0' is invalid. Using default page load timeout: '30'

2018-12-03 15:31:54 - [MESSAGE][PASSED] - Object 'Object Repository/advanced search1/city_checkbox' is checked]]></system-out>
         <system-err><![CDATA[]]></system-err>
      </testcase>
      <testcase name="Test Cases/Final/back to advanced search2" classname="Test Cases/Final/back to advanced search2" status="PASSED">
         <system-out><![CDATA[2018-12-03 15:31:54 - [TEST_CASE][PASSED] - Test Cases/Final/back to advanced search2: Test Cases/Final/back to advanced search2

2018-12-03 15:31:55 - [TEST_STEP][PASSED] - navigateToUrl: Navigate to 'http://www.schooolz.com/homeSearch?school_name=&category_id=&country_id=&city_id=&action=Home_Result' successfully

2018-12-03 15:31:55 - [MESSAGE][PASSED] - Navigate to 'http://www.schooolz.com/homeSearch?school_name=&category_id=&country_id=&city_id=&action=Home_Result' successfully

2018-12-03 15:31:55 - [TEST_STEP][PASSED] - delay: Delayed 5 second(s)

2018-12-03 15:32:00 - [MESSAGE][PASSED] - Delayed 5 second(s)

2018-12-03 15:32:00 - [TEST_STEP][PASSED] - click: Object: 'Object Repository/advanced search1/advanced_search_btn' is clicked on

2018-12-03 15:32:03 - [MESSAGE][PASSED] - Object: 'Object Repository/advanced search1/advanced_search_btn' is clicked on]]></system-out>
         <system-err><![CDATA[]]></system-err>
      </testcase>
      <testcase name="Test Cases/Final/search with educational level" classname="Test Cases/Final/search with educational level" status="PASSED">
         <system-out><![CDATA[2018-12-03 15:32:03 - [TEST_CASE][PASSED] - Test Cases/Final/search with educational level: Test Cases/Final/search with educational level

2018-12-03 15:32:03 - [TEST_STEP][NOT_RUN] - openBrowser: NOT_RUN: openBrowser

2018-12-03 15:32:03 - [MESSAGE][NOT_RUN] - NOT_RUN: openBrowser

2018-12-03 15:32:03 - [TEST_STEP][NOT_RUN] - maximizeWindow: NOT_RUN: maximizeWindow

2018-12-03 15:32:03 - [MESSAGE][NOT_RUN] - NOT_RUN: maximizeWindow

2018-12-03 15:32:03 - [TEST_STEP][NOT_RUN] - navigateToUrl: NOT_RUN: navigateToUrl

2018-12-03 15:32:03 - [MESSAGE][NOT_RUN] - NOT_RUN: navigateToUrl

2018-12-03 15:32:03 - [TEST_STEP][NOT_RUN] - click: NOT_RUN: click

2018-12-03 15:32:03 - [MESSAGE][NOT_RUN] - NOT_RUN: click

2018-12-03 15:32:03 - [TEST_STEP][NOT_RUN] - delay: NOT_RUN: delay

2018-12-03 15:32:03 - [MESSAGE][NOT_RUN] - NOT_RUN: delay

2018-12-03 15:32:03 - [TEST_STEP][NOT_RUN] - click: NOT_RUN: click

2018-12-03 15:32:03 - [MESSAGE][NOT_RUN] - NOT_RUN: click

2018-12-03 15:32:03 - [TEST_STEP][PASSED] - delay: Delayed 3 second(s)

2018-12-03 15:32:06 - [MESSAGE][PASSED] - Delayed 3 second(s)

2018-12-03 15:32:06 - [TEST_STEP][PASSED] - click: Object: 'Object Repository/advanced search1/educaional level' is clicked on

2018-12-03 15:32:06 - [MESSAGE][PASSED] - Object: 'Object Repository/advanced search1/educaional level' is clicked on

2018-12-03 15:32:06 - [TEST_STEP][PASSED] - delay: Delayed 3 second(s)

2018-12-03 15:32:09 - [MESSAGE][PASSED] - Delayed 3 second(s)

2018-12-03 15:32:09 - [TEST_STEP][PASSED] - check: Object 'Object Repository/advanced search1/educational level_checkbox' is checked

2018-12-03 15:32:09 - [MESSAGE][PASSED] - Object 'Object Repository/advanced search1/educational level_checkbox' is checked

2018-12-03 15:32:09 - [TEST_STEP][PASSED] - verifyElementChecked: Object 'Object Repository/advanced search1/educational level_checkbox' is checked

2018-12-03 15:32:09 - [MESSAGE][WARNING] - Timeout '0' is invalid. Using default page load timeout: '30'

2018-12-03 15:32:09 - [MESSAGE][PASSED] - Object 'Object Repository/advanced search1/educational level_checkbox' is checked

2018-12-03 15:32:09 - [TEST_STEP][PASSED] - delay: Delayed 5 second(s)

2018-12-03 15:32:14 - [MESSAGE][PASSED] - Delayed 5 second(s)]]></system-out>
         <system-err><![CDATA[]]></system-err>
      </testcase>
      <testcase name="Test Cases/Final/back to advanced search4" classname="Test Cases/Final/back to advanced search4" status="PASSED">
         <system-out><![CDATA[2018-12-03 15:32:14 - [TEST_CASE][PASSED] - Test Cases/Final/back to advanced search4: Test Cases/Final/back to advanced search4

2018-12-03 15:32:14 - [TEST_STEP][PASSED] - navigateToUrl: Navigate to 'http://www.schooolz.com/homeSearch?school_name=&category_id=&country_id=&city_id=&action=Home_Result' successfully

2018-12-03 15:32:15 - [MESSAGE][PASSED] - Navigate to 'http://www.schooolz.com/homeSearch?school_name=&category_id=&country_id=&city_id=&action=Home_Result' successfully

2018-12-03 15:32:15 - [TEST_STEP][PASSED] - delay: Delayed 5 second(s)

2018-12-03 15:32:20 - [MESSAGE][PASSED] - Delayed 5 second(s)

2018-12-03 15:32:20 - [TEST_STEP][PASSED] - click: Object: 'Object Repository/advanced search1/advanced_search_btn' is clicked on

2018-12-03 15:32:22 - [MESSAGE][PASSED] - Object: 'Object Repository/advanced search1/advanced_search_btn' is clicked on]]></system-out>
         <system-err><![CDATA[]]></system-err>
      </testcase>
      <testcase name="Test Cases/Final/search with gender" classname="Test Cases/Final/search with gender" status="PASSED">
         <system-out><![CDATA[2018-12-03 15:32:22 - [TEST_CASE][PASSED] - Test Cases/Final/search with gender: Test Cases/Final/search with gender

2018-12-03 15:32:22 - [TEST_STEP][NOT_RUN] - openBrowser: NOT_RUN: openBrowser

2018-12-03 15:32:22 - [MESSAGE][NOT_RUN] - NOT_RUN: openBrowser

2018-12-03 15:32:22 - [TEST_STEP][NOT_RUN] - maximizeWindow: NOT_RUN: maximizeWindow

2018-12-03 15:32:22 - [MESSAGE][NOT_RUN] - NOT_RUN: maximizeWindow

2018-12-03 15:32:22 - [TEST_STEP][NOT_RUN] - navigateToUrl: NOT_RUN: navigateToUrl

2018-12-03 15:32:22 - [MESSAGE][NOT_RUN] - NOT_RUN: navigateToUrl

2018-12-03 15:32:22 - [TEST_STEP][NOT_RUN] - click: NOT_RUN: click

2018-12-03 15:32:22 - [MESSAGE][NOT_RUN] - NOT_RUN: click

2018-12-03 15:32:22 - [TEST_STEP][NOT_RUN] - delay: NOT_RUN: delay

2018-12-03 15:32:22 - [MESSAGE][NOT_RUN] - NOT_RUN: delay

2018-12-03 15:32:22 - [TEST_STEP][NOT_RUN] - click: NOT_RUN: click

2018-12-03 15:32:22 - [MESSAGE][NOT_RUN] - NOT_RUN: click

2018-12-03 15:32:22 - [TEST_STEP][PASSED] - delay: Delayed 3 second(s)

2018-12-03 15:32:25 - [MESSAGE][PASSED] - Delayed 3 second(s)

2018-12-03 15:32:25 - [TEST_STEP][PASSED] - click: Object: 'Object Repository/advanced search1/gender' is clicked on

2018-12-03 15:32:25 - [MESSAGE][PASSED] - Object: 'Object Repository/advanced search1/gender' is clicked on

2018-12-03 15:32:25 - [TEST_STEP][PASSED] - delay: Delayed 3 second(s)

2018-12-03 15:32:28 - [MESSAGE][PASSED] - Delayed 3 second(s)

2018-12-03 15:32:28 - [TEST_STEP][PASSED] - check: Object 'Object Repository/advanced search1/gender1_checkbox' is checked

2018-12-03 15:32:28 - [MESSAGE][PASSED] - Object 'Object Repository/advanced search1/gender1_checkbox' is checked

2018-12-03 15:32:28 - [TEST_STEP][PASSED] - verifyElementChecked: Object 'Object Repository/advanced search1/gender1_checkbox' is checked

2018-12-03 15:32:28 - [MESSAGE][WARNING] - Timeout '0' is invalid. Using default page load timeout: '30'

2018-12-03 15:32:29 - [MESSAGE][PASSED] - Object 'Object Repository/advanced search1/gender1_checkbox' is checked

2018-12-03 15:32:29 - [TEST_STEP][PASSED] - delay: Delayed 5 second(s)

2018-12-03 15:32:34 - [MESSAGE][PASSED] - Delayed 5 second(s)]]></system-out>
         <system-err><![CDATA[]]></system-err>
      </testcase>
      <testcase name="Test Cases/Final/back to advanced search3" classname="Test Cases/Final/back to advanced search3" status="PASSED">
         <system-out><![CDATA[2018-12-03 15:32:34 - [TEST_CASE][PASSED] - Test Cases/Final/back to advanced search3: Test Cases/Final/back to advanced search3

2018-12-03 15:32:34 - [TEST_STEP][PASSED] - navigateToUrl: Navigate to 'http://www.schooolz.com/homeSearch?school_name=&category_id=&country_id=&city_id=&action=Home_Result' successfully

2018-12-03 15:32:35 - [MESSAGE][PASSED] - Navigate to 'http://www.schooolz.com/homeSearch?school_name=&category_id=&country_id=&city_id=&action=Home_Result' successfully

2018-12-03 15:32:35 - [TEST_STEP][PASSED] - delay: Delayed 5 second(s)

2018-12-03 15:32:40 - [MESSAGE][PASSED] - Delayed 5 second(s)

2018-12-03 15:32:40 - [TEST_STEP][PASSED] - click: Object: 'Object Repository/advanced search1/advanced_search_btn' is clicked on

2018-12-03 15:32:45 - [MESSAGE][PASSED] - Object: 'Object Repository/advanced search1/advanced_search_btn' is clicked on]]></system-out>
         <system-err><![CDATA[]]></system-err>
      </testcase>
      <testcase name="Test Cases/Final/activities" classname="Test Cases/Final/activities" status="PASSED">
         <system-out><![CDATA[2018-12-03 15:32:45 - [TEST_CASE][PASSED] - Test Cases/Final/activities: Test Cases/Final/activities

2018-12-03 15:32:46 - [TEST_STEP][NOT_RUN] - openBrowser: NOT_RUN: openBrowser

2018-12-03 15:32:46 - [MESSAGE][NOT_RUN] - NOT_RUN: openBrowser

2018-12-03 15:32:46 - [TEST_STEP][NOT_RUN] - maximizeWindow: NOT_RUN: maximizeWindow

2018-12-03 15:32:46 - [MESSAGE][NOT_RUN] - NOT_RUN: maximizeWindow

2018-12-03 15:32:46 - [TEST_STEP][NOT_RUN] - navigateToUrl: NOT_RUN: navigateToUrl

2018-12-03 15:32:46 - [MESSAGE][NOT_RUN] - NOT_RUN: navigateToUrl

2018-12-03 15:32:46 - [TEST_STEP][NOT_RUN] - click: NOT_RUN: click

2018-12-03 15:32:46 - [MESSAGE][NOT_RUN] - NOT_RUN: click

2018-12-03 15:32:46 - [TEST_STEP][NOT_RUN] - delay: NOT_RUN: delay

2018-12-03 15:32:46 - [MESSAGE][NOT_RUN] - NOT_RUN: delay

2018-12-03 15:32:46 - [TEST_STEP][NOT_RUN] - click: NOT_RUN: click

2018-12-03 15:32:46 - [MESSAGE][NOT_RUN] - NOT_RUN: click

2018-12-03 15:32:46 - [TEST_STEP][PASSED] - delay: Delayed 3 second(s)

2018-12-03 15:32:49 - [MESSAGE][PASSED] - Delayed 3 second(s)

2018-12-03 15:32:49 - [TEST_STEP][PASSED] - click: Object: 'Object Repository/advanced search1/activities' is clicked on

2018-12-03 15:32:49 - [MESSAGE][PASSED] - Object: 'Object Repository/advanced search1/activities' is clicked on

2018-12-03 15:32:49 - [TEST_STEP][PASSED] - delay: Delayed 3 second(s)

2018-12-03 15:32:52 - [MESSAGE][PASSED] - Delayed 3 second(s)

2018-12-03 15:32:52 - [TEST_STEP][PASSED] - check: Object 'Object Repository/advanced search1/activities_checkbox' is checked

2018-12-03 15:32:52 - [MESSAGE][PASSED] - Object 'Object Repository/advanced search1/activities_checkbox' is checked

2018-12-03 15:32:52 - [TEST_STEP][PASSED] - verifyElementChecked: Object 'Object Repository/advanced search1/activities_checkbox' is checked

2018-12-03 15:32:52 - [MESSAGE][WARNING] - Timeout '0' is invalid. Using default page load timeout: '30'

2018-12-03 15:32:52 - [MESSAGE][PASSED] - Object 'Object Repository/advanced search1/activities_checkbox' is checked

2018-12-03 15:32:52 - [TEST_STEP][PASSED] - delay: Delayed 3 second(s)

2018-12-03 15:32:55 - [MESSAGE][PASSED] - Delayed 3 second(s)]]></system-out>
         <system-err><![CDATA[]]></system-err>
      </testcase>
      <system-out><![CDATA[2018-12-03 15:30:26 - [TEST_SUITE][PASSED] - advanced search: Test Cases/Final/activities]]></system-out>
      <system-err><![CDATA[]]></system-err>
   </testsuite>
</testsuites>
