<?xml version="1.0" encoding="UTF-8"?>
<testsuites name="add to favourite" time="114" tests="4" failures="0" errors="0">
   <testsuite name="add to favourite" tests="4" failures="0" errors="0" time="114" timestamp="2018-12-03 15:53:04" hostname="M.Kamel - 10.1.210.151" id="Test Suites/add to favourite">
      <properties>
         <property name="deviceName" value=""/>
         <property name="devicePlatform" value=""/>
         <property name="logFolder" value="C:\\Users\\M.Kamel\\git\\regression2\\Reports\\add to favourite\\20181203_155303"/>
         <property name="logFiles" value="C:\\Users\\M.Kamel\\git\\regression2\\Reports\\add to favourite\\20181203_155303\\execution0.log"/>
         <property name="attachments" value=""/>
         <property name="hostName" value="M.Kamel - 10.1.210.151"/>
         <property name="os" value="Windows 10 64bit"/>
         <property name="katalonVersion" value="5.7.1.1"/>
         <property name="browser" value="Chrome 70.0.3538.110"/>
         <property name="hostAddress" value="10.1.210.151"/>
         <property name="sessionId" value="a1f05387117773a3f3e2556550f08720"/>
         <property name="seleniumVersion" value="3.7.1"/>
         <property name="proxyInformation" value="ProxyInformation{proxyOption=NO_PROXY, proxyServerType=HTTP, password=, proxyServerAddress=, proxyServerPort=0}"/>
         <property name="platform" value="Windows 10"/>
      </properties>
      <testcase name="Test Cases/Final/Reg as visitor" classname="Test Cases/Final/Reg as visitor" status="PASSED">
         <system-out><![CDATA[2018-12-03 15:53:05 - [TEST_CASE][PASSED] - Test Cases/Final/Reg as visitor: Test Cases/Final/Reg as visitor

2018-12-03 15:53:05 - [TEST_STEP][PASSED] - openBrowser: Browser is opened with url: ''

2018-12-03 15:53:08 - [MESSAGE][PASSED] - Browser is opened with url: ''

2018-12-03 15:53:08 - [TEST_STEP][PASSED] - maximizeWindow: Current window maximized

2018-12-03 15:53:10 - [MESSAGE][PASSED] - Current window maximized

2018-12-03 15:53:10 - [TEST_STEP][PASSED] - navigateToUrl: Navigate to 'http://www.schooolz.com/visitor/create' successfully

2018-12-03 15:53:14 - [MESSAGE][PASSED] - Navigate to 'http://www.schooolz.com/visitor/create' successfully

2018-12-03 15:53:14 - [TEST_STEP][PASSED] - delay: Delayed 3 second(s)

2018-12-03 15:53:18 - [MESSAGE][PASSED] - Delayed 3 second(s)

2018-12-03 15:53:18 - [TEST_STEP][PASSED] - setText: Text 'abGRLbkPDP' is set on object 'Object Repository/reg as visitor/name'

2018-12-03 15:53:18 - [MESSAGE][PASSED] - Text 'abGRLbkPDP' is set on object 'Object Repository/reg as visitor/name'

2018-12-03 15:53:18 - [TEST_STEP][PASSED] - delay: Delayed 3 second(s)

2018-12-03 15:53:21 - [MESSAGE][PASSED] - Delayed 3 second(s)

2018-12-03 15:53:21 - [TEST_STEP][PASSED] - setText: Text 'JDZgDHhYkD' is set on object 'Object Repository/reg as visitor/username'

2018-12-03 15:53:21 - [MESSAGE][PASSED] - Text 'JDZgDHhYkD' is set on object 'Object Repository/reg as visitor/username'

2018-12-03 15:53:21 - [TEST_STEP][PASSED] - delay: Delayed 3 second(s)

2018-12-03 15:53:24 - [MESSAGE][PASSED] - Delayed 3 second(s)

2018-12-03 15:53:24 - [TEST_STEP][PASSED] - setText: Text 'QRKCCIaLlQ@gmail.com' is set on object 'Object Repository/reg as visitor/email'

2018-12-03 15:53:25 - [MESSAGE][PASSED] - Text 'QRKCCIaLlQ@gmail.com' is set on object 'Object Repository/reg as visitor/email'

2018-12-03 15:53:25 - [TEST_STEP][PASSED] - delay: Delayed 3 second(s)

2018-12-03 15:53:28 - [MESSAGE][PASSED] - Delayed 3 second(s)

2018-12-03 15:53:28 - [TEST_STEP][PASSED] - setText: Text '123456789' is set on object 'Object Repository/reg as visitor/password'

2018-12-03 15:53:28 - [MESSAGE][PASSED] - Text '123456789' is set on object 'Object Repository/reg as visitor/password'

2018-12-03 15:53:28 - [TEST_STEP][PASSED] - delay: Delayed 3 second(s)

2018-12-03 15:53:31 - [MESSAGE][PASSED] - Delayed 3 second(s)

2018-12-03 15:53:31 - [TEST_STEP][PASSED] - setText: Text '123456789' is set on object 'Object Repository/reg as visitor/confirmpassword'

2018-12-03 15:53:31 - [MESSAGE][PASSED] - Text '123456789' is set on object 'Object Repository/reg as visitor/confirmpassword'

2018-12-03 15:53:31 - [TEST_STEP][PASSED] - delay: Delayed 3 second(s)

2018-12-03 15:53:34 - [MESSAGE][PASSED] - Delayed 3 second(s)

2018-12-03 15:53:34 - [TEST_STEP][NOT_RUN] - setText: NOT_RUN: setText

2018-12-03 15:53:34 - [MESSAGE][NOT_RUN] - NOT_RUN: setText

2018-12-03 15:53:34 - [TEST_STEP][PASSED] - delay: Delayed 3 second(s)

2018-12-03 15:53:37 - [MESSAGE][PASSED] - Delayed 3 second(s)

2018-12-03 15:53:37 - [TEST_STEP][PASSED] - selectOptionByValue: All options with value '1' are selected in object 'Object Repository/reg as visitor/country' 

2018-12-03 15:53:38 - [MESSAGE][PASSED] - All options with value '1' are selected in object 'Object Repository/reg as visitor/country' 

2018-12-03 15:53:38 - [TEST_STEP][PASSED] - delay: Delayed 3 second(s)

2018-12-03 15:53:41 - [MESSAGE][PASSED] - Delayed 3 second(s)

2018-12-03 15:53:41 - [TEST_STEP][PASSED] - selectOptionByIndex: All options with index in [2] are selected on object 'Object Repository/reg as visitor/city'

2018-12-03 15:53:41 - [MESSAGE][PASSED] - All options with index in [2] are selected on object 'Object Repository/reg as visitor/city'

2018-12-03 15:53:41 - [TEST_STEP][PASSED] - delay: Delayed 3 second(s)

2018-12-03 15:53:44 - [MESSAGE][PASSED] - Delayed 3 second(s)

2018-12-03 15:53:44 - [TEST_STEP][PASSED] - selectOptionByIndex: All options with index in [3] are selected on object 'Object Repository/reg as visitor/region'

2018-12-03 15:53:44 - [MESSAGE][PASSED] - All options with index in [3] are selected on object 'Object Repository/reg as visitor/region'

2018-12-03 15:53:44 - [TEST_STEP][PASSED] - delay: Delayed 3 second(s)

2018-12-03 15:53:47 - [MESSAGE][PASSED] - Delayed 3 second(s)

2018-12-03 15:53:47 - [TEST_STEP][PASSED] - setText: Text 'helioplis' is set on object 'Object Repository/reg as visitor/address'

2018-12-03 15:53:48 - [MESSAGE][PASSED] - Text 'helioplis' is set on object 'Object Repository/reg as visitor/address'

2018-12-03 15:53:48 - [TEST_STEP][PASSED] - delay: Delayed 3 second(s)

2018-12-03 15:53:51 - [MESSAGE][PASSED] - Delayed 3 second(s)

2018-12-03 15:53:51 - [TEST_STEP][PASSED] - setText: Text '10/10/2010' is set on object 'Object Repository/reg as visitor/birth date'

2018-12-03 15:53:51 - [MESSAGE][PASSED] - Text '10/10/2010' is set on object 'Object Repository/reg as visitor/birth date'

2018-12-03 15:53:51 - [TEST_STEP][PASSED] - delay: Delayed 3 second(s)

2018-12-03 15:53:54 - [MESSAGE][PASSED] - Delayed 3 second(s)

2018-12-03 15:53:54 - [TEST_STEP][NOT_RUN] - setText: NOT_RUN: setText

2018-12-03 15:53:54 - [MESSAGE][NOT_RUN] - NOT_RUN: setText

2018-12-03 15:53:54 - [TEST_STEP][PASSED] - delay: Delayed 3 second(s)

2018-12-03 15:53:57 - [MESSAGE][PASSED] - Delayed 3 second(s)

2018-12-03 15:53:57 - [TEST_STEP][PASSED] - uploadFile: File 'C:\Users\M.Kamel\git\regression2\Data Files\1.jpg' sent to object: 'Object Repository/reg as visitor/image'

2018-12-03 15:53:58 - [MESSAGE][PASSED] - File 'C:\Users\M.Kamel\git\regression2\Data Files\1.jpg' sent to object: 'Object Repository/reg as visitor/image'

2018-12-03 15:53:58 - [TEST_STEP][PASSED] - delay: Delayed 3 second(s)

2018-12-03 15:54:01 - [MESSAGE][PASSED] - Delayed 3 second(s)

2018-12-03 15:54:01 - [TEST_STEP][PASSED] - click: Object: 'Object Repository/reg as visitor/save_btn' is clicked on

2018-12-03 15:54:04 - [MESSAGE][PASSED] - Object: 'Object Repository/reg as visitor/save_btn' is clicked on]]></system-out>
         <system-err><![CDATA[]]></system-err>
      </testcase>
      <testcase name="Test Cases/Final/logout" classname="Test Cases/Final/logout" status="PASSED">
         <system-out><![CDATA[2018-12-03 15:54:04 - [TEST_CASE][PASSED] - Test Cases/Final/logout: Test Cases/Final/logout

2018-12-03 15:54:04 - [TEST_STEP][NOT_RUN] - openBrowser: NOT_RUN: openBrowser

2018-12-03 15:54:04 - [MESSAGE][NOT_RUN] - NOT_RUN: openBrowser

2018-12-03 15:54:04 - [TEST_STEP][NOT_RUN] - maximizeWindow: NOT_RUN: maximizeWindow

2018-12-03 15:54:04 - [MESSAGE][NOT_RUN] - NOT_RUN: maximizeWindow

2018-12-03 15:54:04 - [TEST_STEP][PASSED] - navigateToUrl: Navigate to 'https://www.schooolz.com' successfully

2018-12-03 15:54:14 - [MESSAGE][PASSED] - Navigate to 'https://www.schooolz.com' successfully

2018-12-03 15:54:14 - [TEST_STEP][NOT_RUN] - delay: NOT_RUN: delay

2018-12-03 15:54:14 - [MESSAGE][NOT_RUN] - NOT_RUN: delay

2018-12-03 15:54:14 - [TEST_STEP][NOT_RUN] - click: NOT_RUN: click

2018-12-03 15:54:14 - [MESSAGE][NOT_RUN] - NOT_RUN: click

2018-12-03 15:54:14 - [TEST_STEP][NOT_RUN] - delay: NOT_RUN: delay

2018-12-03 15:54:14 - [MESSAGE][NOT_RUN] - NOT_RUN: delay

2018-12-03 15:54:14 - [TEST_STEP][NOT_RUN] - setText: NOT_RUN: setText

2018-12-03 15:54:14 - [MESSAGE][NOT_RUN] - NOT_RUN: setText

2018-12-03 15:54:14 - [TEST_STEP][NOT_RUN] - delay: NOT_RUN: delay

2018-12-03 15:54:14 - [MESSAGE][NOT_RUN] - NOT_RUN: delay

2018-12-03 15:54:14 - [TEST_STEP][NOT_RUN] - setText: NOT_RUN: setText

2018-12-03 15:54:14 - [MESSAGE][NOT_RUN] - NOT_RUN: setText

2018-12-03 15:54:14 - [TEST_STEP][NOT_RUN] - delay: NOT_RUN: delay

2018-12-03 15:54:14 - [MESSAGE][NOT_RUN] - NOT_RUN: delay

2018-12-03 15:54:14 - [TEST_STEP][NOT_RUN] - click: NOT_RUN: click

2018-12-03 15:54:14 - [MESSAGE][NOT_RUN] - NOT_RUN: click

2018-12-03 15:54:14 - [TEST_STEP][PASSED] - delay: Delayed 5 second(s)

2018-12-03 15:54:19 - [MESSAGE][PASSED] - Delayed 5 second(s)

2018-12-03 15:54:19 - [TEST_STEP][PASSED] - click: Object: 'Object Repository/HomeScreen/profile_icon' is clicked on

2018-12-03 15:54:19 - [MESSAGE][PASSED] - Object: 'Object Repository/HomeScreen/profile_icon' is clicked on

2018-12-03 15:54:19 - [TEST_STEP][PASSED] - delay: Delayed 5 second(s)

2018-12-03 15:54:24 - [MESSAGE][PASSED] - Delayed 5 second(s)

2018-12-03 15:54:24 - [TEST_STEP][PASSED] - click: Object: 'Object Repository/HomeScreen/logout_button' is clicked on

2018-12-03 15:54:26 - [MESSAGE][PASSED] - Object: 'Object Repository/HomeScreen/logout_button' is clicked on]]></system-out>
         <system-err><![CDATA[]]></system-err>
      </testcase>
      <testcase name="Test Cases/Final/Login - visitor" classname="Test Cases/Final/Login - visitor" status="PASSED">
         <system-out><![CDATA[2018-12-03 15:54:26 - [TEST_CASE][PASSED] - Test Cases/Final/Login - visitor: Test Cases/Final/Login - visitor

2018-12-03 15:54:26 - [TEST_STEP][NOT_RUN] - openBrowser: NOT_RUN: openBrowser

2018-12-03 15:54:26 - [MESSAGE][NOT_RUN] - NOT_RUN: openBrowser

2018-12-03 15:54:26 - [TEST_STEP][NOT_RUN] - maximizeWindow: NOT_RUN: maximizeWindow

2018-12-03 15:54:26 - [MESSAGE][NOT_RUN] - NOT_RUN: maximizeWindow

2018-12-03 15:54:26 - [TEST_STEP][NOT_RUN] - navigateToUrl: NOT_RUN: navigateToUrl

2018-12-03 15:54:26 - [MESSAGE][NOT_RUN] - NOT_RUN: navigateToUrl

2018-12-03 15:54:26 - [TEST_STEP][PASSED] - delay: Delayed 10 second(s)

2018-12-03 15:54:36 - [MESSAGE][PASSED] - Delayed 10 second(s)

2018-12-03 15:54:36 - [TEST_STEP][PASSED] - click: Object: 'Object Repository/join to school/login_btn' is clicked on

2018-12-03 15:54:36 - [MESSAGE][PASSED] - Object: 'Object Repository/join to school/login_btn' is clicked on

2018-12-03 15:54:36 - [TEST_STEP][PASSED] - delay: Delayed 5 second(s)

2018-12-03 15:54:41 - [MESSAGE][PASSED] - Delayed 5 second(s)

2018-12-03 15:54:41 - [TEST_STEP][PASSED] - setText: Text 'visitor' is set on object 'Object Repository/HomeScreen/Username_txt'

2018-12-03 15:54:42 - [MESSAGE][PASSED] - Text 'visitor' is set on object 'Object Repository/HomeScreen/Username_txt'

2018-12-03 15:54:42 - [TEST_STEP][PASSED] - delay: Delayed 5 second(s)

2018-12-03 15:54:47 - [MESSAGE][PASSED] - Delayed 5 second(s)

2018-12-03 15:54:47 - [TEST_STEP][PASSED] - setText: Text '123456' is set on object 'Object Repository/HomeScreen/Password_txt'

2018-12-03 15:54:47 - [MESSAGE][PASSED] - Text '123456' is set on object 'Object Repository/HomeScreen/Password_txt'

2018-12-03 15:54:47 - [TEST_STEP][PASSED] - click: Object: 'Object Repository/HomeScreen/submit_btn' is clicked on

2018-12-03 15:54:49 - [MESSAGE][PASSED] - Object: 'Object Repository/HomeScreen/submit_btn' is clicked on]]></system-out>
         <system-err><![CDATA[]]></system-err>
      </testcase>
      <testcase name="Test Cases/Final/add to fav" classname="Test Cases/Final/add to fav" status="PASSED">
         <system-out><![CDATA[2018-12-03 15:54:49 - [TEST_CASE][PASSED] - Test Cases/Final/add to fav: Test Cases/Final/add to fav

2018-12-03 15:54:49 - [TEST_STEP][NOT_RUN] - openBrowser: NOT_RUN: openBrowser

2018-12-03 15:54:49 - [MESSAGE][NOT_RUN] - NOT_RUN: openBrowser

2018-12-03 15:54:49 - [TEST_STEP][NOT_RUN] - delay: NOT_RUN: delay

2018-12-03 15:54:49 - [MESSAGE][NOT_RUN] - NOT_RUN: delay

2018-12-03 15:54:49 - [TEST_STEP][NOT_RUN] - maximizeWindow: NOT_RUN: maximizeWindow

2018-12-03 15:54:49 - [MESSAGE][NOT_RUN] - NOT_RUN: maximizeWindow

2018-12-03 15:54:49 - [TEST_STEP][NOT_RUN] - delay: NOT_RUN: delay

2018-12-03 15:54:49 - [MESSAGE][NOT_RUN] - NOT_RUN: delay

2018-12-03 15:54:49 - [TEST_STEP][NOT_RUN] - navigateToUrl: NOT_RUN: navigateToUrl

2018-12-03 15:54:49 - [MESSAGE][NOT_RUN] - NOT_RUN: navigateToUrl

2018-12-03 15:54:49 - [TEST_STEP][NOT_RUN] - click: NOT_RUN: click

2018-12-03 15:54:49 - [MESSAGE][NOT_RUN] - NOT_RUN: click

2018-12-03 15:54:49 - [TEST_STEP][NOT_RUN] - delay: NOT_RUN: delay

2018-12-03 15:54:49 - [MESSAGE][NOT_RUN] - NOT_RUN: delay

2018-12-03 15:54:49 - [TEST_STEP][NOT_RUN] - setText: NOT_RUN: setText

2018-12-03 15:54:49 - [MESSAGE][NOT_RUN] - NOT_RUN: setText

2018-12-03 15:54:49 - [TEST_STEP][NOT_RUN] - setText: NOT_RUN: setText

2018-12-03 15:54:49 - [MESSAGE][NOT_RUN] - NOT_RUN: setText

2018-12-03 15:54:49 - [TEST_STEP][NOT_RUN] - click: NOT_RUN: click

2018-12-03 15:54:49 - [MESSAGE][NOT_RUN] - NOT_RUN: click

2018-12-03 15:54:49 - [TEST_STEP][PASSED] - delay: Delayed 5 second(s)

2018-12-03 15:54:54 - [MESSAGE][PASSED] - Delayed 5 second(s)

2018-12-03 15:54:54 - [TEST_STEP][PASSED] - click: Object: 'Object Repository/add to fav/schools_btn' is clicked on

2018-12-03 15:54:56 - [MESSAGE][PASSED] - Object: 'Object Repository/add to fav/schools_btn' is clicked on

2018-12-03 15:54:56 - [TEST_STEP][PASSED] - click: Object: 'Object Repository/add to fav/yahiaschool_btn' is clicked on

2018-12-03 15:54:58 - [MESSAGE][PASSED] - Object: 'Object Repository/add to fav/yahiaschool_btn' is clicked on

2018-12-03 15:54:58 - [TEST_STEP][PASSED] - click: Object: 'Object Repository/add to fav/addto fav_btn' is clicked on

2018-12-03 15:54:58 - [MESSAGE][PASSED] - Object: 'Object Repository/add to fav/addto fav_btn' is clicked on]]></system-out>
         <system-err><![CDATA[]]></system-err>
      </testcase>
      <system-out><![CDATA[2018-12-03 15:53:04 - [TEST_SUITE][PASSED] - add to favourite: Test Cases/Final/add to fav]]></system-out>
      <system-err><![CDATA[]]></system-err>
   </testsuite>
</testsuites>
