<?xml version="1.0" encoding="UTF-8"?>
<testsuites name="student can compare between school" time="179" tests="4" failures="0" errors="0">
   <testsuite name="student can compare between school" tests="4" failures="0" errors="0" time="179" timestamp="2018-12-08 15:54:46" hostname="M.Kamel - 10.1.210.199" id="Test Suites/student can compare between school">
      <properties>
         <property name="deviceName" value=""/>
         <property name="devicePlatform" value=""/>
         <property name="logFolder" value="C:\\Users\\M.Kamel\\git\\regression22\\Reports\\student can compare between school\\20181208_155445"/>
         <property name="logFiles" value="C:\\Users\\M.Kamel\\git\\regression22\\Reports\\student can compare between school\\20181208_155445\\execution0.log"/>
         <property name="attachments" value=""/>
         <property name="hostName" value="M.Kamel - 10.1.210.199"/>
         <property name="os" value="Windows 10 64bit"/>
         <property name="katalonVersion" value="5.8.6.1"/>
         <property name="browser" value="Chrome 70.0.3538.110"/>
         <property name="hostAddress" value="10.1.210.199"/>
         <property name="sessionId" value="f1c7cfe6b164498ff17f7e6ac8fda60c"/>
         <property name="seleniumVersion" value="3.7.1"/>
         <property name="proxyInformation" value="ProxyInformation{proxyOption=NO_PROXY, proxyServerType=HTTP, password=, proxyServerAddress=, proxyServerPort=0}"/>
         <property name="platform" value="Windows 10"/>
      </properties>
      <testcase name="Test Cases/Final/REG as student" classname="Test Cases/Final/REG as student" status="PASSED">
         <system-out><![CDATA[2018-12-08 15:54:47 - [TEST_CASE][PASSED] - Test Cases/Final/REG as student: Test Cases/Final/REG as student

2018-12-08 15:54:47 - [TEST_STEP][PASSED] - openBrowser: Browser is opened with url: ''

2018-12-08 15:54:50 - [MESSAGE][PASSED] - Browser is opened with url: ''

2018-12-08 15:54:50 - [TEST_STEP][PASSED] - maximizeWindow: Current window maximized

2018-12-08 15:54:51 - [MESSAGE][PASSED] - Current window maximized

2018-12-08 15:54:51 - [TEST_STEP][PASSED] - navigateToUrl: Navigate to 'http://www.schooolz.com/student/create' successfully

2018-12-08 15:55:22 - [MESSAGE][PASSED] - Navigate to 'http://www.schooolz.com/student/create' successfully

2018-12-08 15:55:22 - [TEST_STEP][PASSED] - setText: Text 'QuiSDlpQDG' is set on object 'Object Repository/reg as visitor/name'

2018-12-08 15:55:22 - [MESSAGE][PASSED] - Text 'QuiSDlpQDG' is set on object 'Object Repository/reg as visitor/name'

2018-12-08 15:55:22 - [TEST_STEP][PASSED] - delay: Delayed 3 second(s)

2018-12-08 15:55:25 - [MESSAGE][PASSED] - Delayed 3 second(s)

2018-12-08 15:55:25 - [TEST_STEP][PASSED] - setText: Text 'pQDzDIMTRe' is set on object 'Object Repository/reg as visitor/username'

2018-12-08 15:55:25 - [MESSAGE][PASSED] - Text 'pQDzDIMTRe' is set on object 'Object Repository/reg as visitor/username'

2018-12-08 15:55:25 - [TEST_STEP][PASSED] - delay: Delayed 3 second(s)

2018-12-08 15:55:28 - [MESSAGE][PASSED] - Delayed 3 second(s)

2018-12-08 15:55:28 - [TEST_STEP][PASSED] - setText: Text 'xyjaGSuIMC@gmail.com' is set on object 'Object Repository/reg as visitor/email'

2018-12-08 15:55:29 - [MESSAGE][PASSED] - Text 'xyjaGSuIMC@gmail.com' is set on object 'Object Repository/reg as visitor/email'

2018-12-08 15:55:29 - [TEST_STEP][PASSED] - delay: Delayed 3 second(s)

2018-12-08 15:55:32 - [MESSAGE][PASSED] - Delayed 3 second(s)

2018-12-08 15:55:32 - [TEST_STEP][PASSED] - setText: Text '123456789' is set on object 'Object Repository/reg as visitor/password'

2018-12-08 15:55:32 - [MESSAGE][PASSED] - Text '123456789' is set on object 'Object Repository/reg as visitor/password'

2018-12-08 15:55:32 - [TEST_STEP][PASSED] - delay: Delayed 3 second(s)

2018-12-08 15:55:35 - [MESSAGE][PASSED] - Delayed 3 second(s)

2018-12-08 15:55:35 - [TEST_STEP][PASSED] - setText: Text '123456789' is set on object 'Object Repository/reg as visitor/confirmpassword'

2018-12-08 15:55:35 - [MESSAGE][PASSED] - Text '123456789' is set on object 'Object Repository/reg as visitor/confirmpassword'

2018-12-08 15:55:35 - [TEST_STEP][PASSED] - delay: Delayed 3 second(s)

2018-12-08 15:55:38 - [MESSAGE][PASSED] - Delayed 3 second(s)

2018-12-08 15:55:38 - [TEST_STEP][NOT_RUN] - setText: NOT_RUN: setText

2018-12-08 15:55:38 - [MESSAGE][NOT_RUN] - NOT_RUN: setText

2018-12-08 15:55:38 - [TEST_STEP][PASSED] - delay: Delayed 3 second(s)

2018-12-08 15:55:41 - [MESSAGE][PASSED] - Delayed 3 second(s)

2018-12-08 15:55:41 - [TEST_STEP][PASSED] - selectOptionByValue: All options with value '1' are selected in object 'Object Repository/reg as visitor/country' 

2018-12-08 15:55:42 - [MESSAGE][PASSED] - All options with value '1' are selected in object 'Object Repository/reg as visitor/country' 

2018-12-08 15:55:42 - [TEST_STEP][PASSED] - delay: Delayed 5 second(s)

2018-12-08 15:55:47 - [MESSAGE][PASSED] - Delayed 5 second(s)

2018-12-08 15:55:47 - [TEST_STEP][PASSED] - selectOptionByIndex: All options with index in [2] are selected on object 'Object Repository/reg as visitor/city'

2018-12-08 15:55:47 - [MESSAGE][PASSED] - All options with index in [2] are selected on object 'Object Repository/reg as visitor/city'

2018-12-08 15:55:47 - [TEST_STEP][PASSED] - delay: Delayed 5 second(s)

2018-12-08 15:55:52 - [MESSAGE][PASSED] - Delayed 5 second(s)

2018-12-08 15:55:52 - [TEST_STEP][PASSED] - selectOptionByValue: All options with value '3' are selected in object 'Object Repository/reg as visitor/region' 

2018-12-08 15:55:52 - [MESSAGE][PASSED] - All options with value '3' are selected in object 'Object Repository/reg as visitor/region' 

2018-12-08 15:55:52 - [TEST_STEP][PASSED] - delay: Delayed 3 second(s)

2018-12-08 15:55:55 - [MESSAGE][PASSED] - Delayed 3 second(s)

2018-12-08 15:55:55 - [TEST_STEP][PASSED] - setText: Text 'helioplis' is set on object 'Object Repository/reg as visitor/address'

2018-12-08 15:55:55 - [MESSAGE][PASSED] - Text 'helioplis' is set on object 'Object Repository/reg as visitor/address'

2018-12-08 15:55:55 - [TEST_STEP][PASSED] - delay: Delayed 3 second(s)

2018-12-08 15:55:58 - [MESSAGE][PASSED] - Delayed 3 second(s)

2018-12-08 15:55:58 - [TEST_STEP][PASSED] - setText: Text '10/10/2010' is set on object 'Object Repository/reg as visitor/birth date'

2018-12-08 15:55:59 - [MESSAGE][PASSED] - Text '10/10/2010' is set on object 'Object Repository/reg as visitor/birth date'

2018-12-08 15:55:59 - [TEST_STEP][PASSED] - delay: Delayed 3 second(s)

2018-12-08 15:56:02 - [MESSAGE][PASSED] - Delayed 3 second(s)

2018-12-08 15:56:02 - [TEST_STEP][PASSED] - selectOptionByValue: All options with value '1' are selected in object 'Object Repository/Reg student2/school' 

2018-12-08 15:56:02 - [MESSAGE][PASSED] - All options with value '1' are selected in object 'Object Repository/Reg student2/school' 

2018-12-08 15:56:02 - [TEST_STEP][PASSED] - delay: Delayed 3 second(s)

2018-12-08 15:56:05 - [MESSAGE][PASSED] - Delayed 3 second(s)

2018-12-08 15:56:05 - [TEST_STEP][PASSED] - selectOptionByValue: All options with value '1' are selected in object 'Object Repository/Reg student2/school level' 

2018-12-08 15:56:05 - [MESSAGE][PASSED] - All options with value '1' are selected in object 'Object Repository/Reg student2/school level' 

2018-12-08 15:56:05 - [TEST_STEP][PASSED] - delay: Delayed 3 second(s)

2018-12-08 15:56:08 - [MESSAGE][PASSED] - Delayed 3 second(s)

2018-12-08 15:56:08 - [TEST_STEP][NOT_RUN] - uploadFile: NOT_RUN: uploadFile

2018-12-08 15:56:08 - [MESSAGE][NOT_RUN] - NOT_RUN: uploadFile

2018-12-08 15:56:08 - [TEST_STEP][NOT_RUN] - delay: NOT_RUN: delay

2018-12-08 15:56:08 - [MESSAGE][NOT_RUN] - NOT_RUN: delay

2018-12-08 15:56:08 - [TEST_STEP][PASSED] - click: Object: 'Object Repository/Reg student2/save_btn' is clicked on

2018-12-08 15:56:11 - [MESSAGE][PASSED] - Object: 'Object Repository/Reg student2/save_btn' is clicked on

2018-12-08 15:56:11 - [TEST_STEP][PASSED] - delay: Delayed 5 second(s)

2018-12-08 15:56:16 - [MESSAGE][PASSED] - Delayed 5 second(s)]]></system-out>
         <system-err><![CDATA[]]></system-err>
      </testcase>
      <testcase name="Test Cases/Final/logout" classname="Test Cases/Final/logout" status="PASSED">
         <system-out><![CDATA[2018-12-08 15:56:16 - [TEST_CASE][PASSED] - Test Cases/Final/logout: Test Cases/Final/logout

2018-12-08 15:56:16 - [TEST_STEP][NOT_RUN] - openBrowser: NOT_RUN: openBrowser

2018-12-08 15:56:16 - [MESSAGE][NOT_RUN] - NOT_RUN: openBrowser

2018-12-08 15:56:16 - [TEST_STEP][NOT_RUN] - maximizeWindow: NOT_RUN: maximizeWindow

2018-12-08 15:56:16 - [MESSAGE][NOT_RUN] - NOT_RUN: maximizeWindow

2018-12-08 15:56:16 - [TEST_STEP][NOT_RUN] - navigateToUrl: NOT_RUN: navigateToUrl

2018-12-08 15:56:16 - [MESSAGE][NOT_RUN] - NOT_RUN: navigateToUrl

2018-12-08 15:56:16 - [TEST_STEP][NOT_RUN] - delay: NOT_RUN: delay

2018-12-08 15:56:16 - [MESSAGE][NOT_RUN] - NOT_RUN: delay

2018-12-08 15:56:16 - [TEST_STEP][NOT_RUN] - click: NOT_RUN: click

2018-12-08 15:56:16 - [MESSAGE][NOT_RUN] - NOT_RUN: click

2018-12-08 15:56:16 - [TEST_STEP][NOT_RUN] - delay: NOT_RUN: delay

2018-12-08 15:56:16 - [MESSAGE][NOT_RUN] - NOT_RUN: delay

2018-12-08 15:56:16 - [TEST_STEP][NOT_RUN] - setText: NOT_RUN: setText

2018-12-08 15:56:16 - [MESSAGE][NOT_RUN] - NOT_RUN: setText

2018-12-08 15:56:16 - [TEST_STEP][NOT_RUN] - delay: NOT_RUN: delay

2018-12-08 15:56:16 - [MESSAGE][NOT_RUN] - NOT_RUN: delay

2018-12-08 15:56:16 - [TEST_STEP][NOT_RUN] - setText: NOT_RUN: setText

2018-12-08 15:56:16 - [MESSAGE][NOT_RUN] - NOT_RUN: setText

2018-12-08 15:56:16 - [TEST_STEP][NOT_RUN] - delay: NOT_RUN: delay

2018-12-08 15:56:16 - [MESSAGE][NOT_RUN] - NOT_RUN: delay

2018-12-08 15:56:16 - [TEST_STEP][NOT_RUN] - click: NOT_RUN: click

2018-12-08 15:56:16 - [MESSAGE][NOT_RUN] - NOT_RUN: click

2018-12-08 15:56:16 - [TEST_STEP][NOT_RUN] - delay: NOT_RUN: delay

2018-12-08 15:56:16 - [MESSAGE][NOT_RUN] - NOT_RUN: delay

2018-12-08 15:56:16 - [TEST_STEP][PASSED] - click: Object: 'Object Repository/HomeScreen/profile_icon' is clicked on

2018-12-08 15:56:16 - [MESSAGE][PASSED] - Object: 'Object Repository/HomeScreen/profile_icon' is clicked on

2018-12-08 15:56:16 - [TEST_STEP][PASSED] - delay: Delayed 5 second(s)

2018-12-08 15:56:21 - [MESSAGE][PASSED] - Delayed 5 second(s)

2018-12-08 15:56:21 - [TEST_STEP][PASSED] - click: Object: 'Object Repository/HomeScreen/logout_button' is clicked on

2018-12-08 15:56:48 - [MESSAGE][PASSED] - Object: 'Object Repository/HomeScreen/logout_button' is clicked on]]></system-out>
         <system-err><![CDATA[]]></system-err>
      </testcase>
      <testcase name="Test Cases/Final/login - student" classname="Test Cases/Final/login - student" status="PASSED">
         <system-out><![CDATA[2018-12-08 15:56:48 - [TEST_CASE][PASSED] - Test Cases/Final/login - student: Test Cases/Final/login - student

2018-12-08 15:56:48 - [TEST_STEP][NOT_RUN] - openBrowser: NOT_RUN: openBrowser

2018-12-08 15:56:48 - [MESSAGE][NOT_RUN] - NOT_RUN: openBrowser

2018-12-08 15:56:48 - [TEST_STEP][NOT_RUN] - maximizeWindow: NOT_RUN: maximizeWindow

2018-12-08 15:56:48 - [MESSAGE][NOT_RUN] - NOT_RUN: maximizeWindow

2018-12-08 15:56:48 - [TEST_STEP][PASSED] - navigateToUrl: Navigate to 'https://www.schooolz.com' successfully

2018-12-08 15:56:58 - [MESSAGE][PASSED] - Navigate to 'https://www.schooolz.com' successfully

2018-12-08 15:56:58 - [TEST_STEP][PASSED] - delay: Delayed 10 second(s)

2018-12-08 15:57:08 - [MESSAGE][PASSED] - Delayed 10 second(s)

2018-12-08 15:57:08 - [TEST_STEP][PASSED] - click: Object: 'Object Repository/join to school/login_btn' is clicked on

2018-12-08 15:57:08 - [MESSAGE][PASSED] - Object: 'Object Repository/join to school/login_btn' is clicked on

2018-12-08 15:57:08 - [TEST_STEP][PASSED] - delay: Delayed 5 second(s)

2018-12-08 15:57:13 - [MESSAGE][PASSED] - Delayed 5 second(s)

2018-12-08 15:57:13 - [TEST_STEP][PASSED] - setText: Text 'student@yahoo.com' is set on object 'Object Repository/join to school/UserName_txt'

2018-12-08 15:57:13 - [MESSAGE][PASSED] - Text 'student@yahoo.com' is set on object 'Object Repository/join to school/UserName_txt'

2018-12-08 15:57:13 - [TEST_STEP][PASSED] - setText: Text '123456' is set on object 'Object Repository/join to school/UserPassword_txt'

2018-12-08 15:57:13 - [MESSAGE][PASSED] - Text '123456' is set on object 'Object Repository/join to school/UserPassword_txt'

2018-12-08 15:57:13 - [TEST_STEP][PASSED] - click: Object: 'Object Repository/join to school/register_btn' is clicked on

2018-12-08 15:57:15 - [MESSAGE][PASSED] - Object: 'Object Repository/join to school/register_btn' is clicked on]]></system-out>
         <system-err><![CDATA[]]></system-err>
      </testcase>
      <testcase name="Test Cases/Final/comparison between schools" classname="Test Cases/Final/comparison between schools" status="PASSED">
         <system-out><![CDATA[2018-12-08 15:57:15 - [TEST_CASE][PASSED] - Test Cases/Final/comparison between schools: Test Cases/Final/comparison between schools

2018-12-08 15:57:15 - [TEST_STEP][NOT_RUN] - openBrowser: NOT_RUN: openBrowser

2018-12-08 15:57:15 - [MESSAGE][NOT_RUN] - NOT_RUN: openBrowser

2018-12-08 15:57:15 - [TEST_STEP][NOT_RUN] - maximizeWindow: NOT_RUN: maximizeWindow

2018-12-08 15:57:15 - [MESSAGE][NOT_RUN] - NOT_RUN: maximizeWindow

2018-12-08 15:57:15 - [TEST_STEP][NOT_RUN] - navigateToUrl: NOT_RUN: navigateToUrl

2018-12-08 15:57:15 - [MESSAGE][NOT_RUN] - NOT_RUN: navigateToUrl

2018-12-08 15:57:15 - [TEST_STEP][NOT_RUN] - delay: NOT_RUN: delay

2018-12-08 15:57:15 - [MESSAGE][NOT_RUN] - NOT_RUN: delay

2018-12-08 15:57:15 - [TEST_STEP][PASSED] - click: Object: 'Object Repository/comparison between schools/schools_btn' is clicked on

2018-12-08 15:57:17 - [MESSAGE][PASSED] - Object: 'Object Repository/comparison between schools/schools_btn' is clicked on

2018-12-08 15:57:17 - [TEST_STEP][PASSED] - delay: Delayed 5 second(s)

2018-12-08 15:57:22 - [MESSAGE][PASSED] - Delayed 5 second(s)

2018-12-08 15:57:22 - [TEST_STEP][PASSED] - check: Object 'Object Repository/comparison between schools/addto compare_btn' is checked

2018-12-08 15:57:22 - [MESSAGE][PASSED] - Object 'Object Repository/comparison between schools/addto compare_btn' is checked

2018-12-08 15:57:22 - [TEST_STEP][PASSED] - delay: Delayed 5 second(s)

2018-12-08 15:57:27 - [MESSAGE][PASSED] - Delayed 5 second(s)

2018-12-08 15:57:27 - [TEST_STEP][PASSED] - verifyElementChecked: Object 'Object Repository/comparison between schools/addto compare_btn' is checked

2018-12-08 15:57:27 - [MESSAGE][WARNING] - Timeout '0' is invalid. Using default page load timeout: '30'

2018-12-08 15:57:28 - [MESSAGE][PASSED] - Object 'Object Repository/comparison between schools/addto compare_btn' is checked

2018-12-08 15:57:28 - [TEST_STEP][PASSED] - delay: Delayed 5 second(s)

2018-12-08 15:57:33 - [MESSAGE][PASSED] - Delayed 5 second(s)

2018-12-08 15:57:33 - [TEST_STEP][PASSED] - check: Object 'Object Repository/comparison between schools/addto comp2' is checked

2018-12-08 15:57:33 - [MESSAGE][PASSED] - Object 'Object Repository/comparison between schools/addto comp2' is checked

2018-12-08 15:57:33 - [TEST_STEP][PASSED] - delay: Delayed 5 second(s)

2018-12-08 15:57:38 - [MESSAGE][PASSED] - Delayed 5 second(s)

2018-12-08 15:57:38 - [TEST_STEP][PASSED] - verifyElementChecked: Object 'Object Repository/comparison between schools/addto comp2' is checked

2018-12-08 15:57:38 - [MESSAGE][WARNING] - Timeout '0' is invalid. Using default page load timeout: '30'

2018-12-08 15:57:38 - [MESSAGE][PASSED] - Object 'Object Repository/comparison between schools/addto comp2' is checked

2018-12-08 15:57:38 - [TEST_STEP][PASSED] - delay: Delayed 5 second(s)

2018-12-08 15:57:43 - [MESSAGE][PASSED] - Delayed 5 second(s)

2018-12-08 15:57:43 - [TEST_STEP][PASSED] - click: Object: 'Object Repository/comparison between schools/comparisonlist_btn' is clicked on

2018-12-08 15:57:45 - [MESSAGE][PASSED] - Object: 'Object Repository/comparison between schools/comparisonlist_btn' is clicked on]]></system-out>
         <system-err><![CDATA[]]></system-err>
      </testcase>
      <system-out><![CDATA[2018-12-08 15:54:46 - [TEST_SUITE][PASSED] - student can compare between school: Test Cases/Final/comparison between schools]]></system-out>
      <system-err><![CDATA[]]></system-err>
   </testsuite>
</testsuites>
