<?xml version="1.0" encoding="UTF-8"?>
<testsuites name="add review" time="130" tests="4" failures="0" errors="0">
   <testsuite name="add review" tests="4" failures="0" errors="0" time="130" timestamp="2018-12-03 13:49:09" hostname="M.Kamel - 10.1.210.151" id="Test Suites/add review">
      <properties>
         <property name="deviceName" value=""/>
         <property name="devicePlatform" value=""/>
         <property name="logFolder" value="C:\\Users\\M.Kamel\\git\\regression2\\Reports\\add review\\20181203_134907"/>
         <property name="logFiles" value="C:\\Users\\M.Kamel\\git\\regression2\\Reports\\add review\\20181203_134907\\execution0.log"/>
         <property name="attachments" value=""/>
         <property name="hostName" value="M.Kamel - 10.1.210.151"/>
         <property name="os" value="Windows 10 64bit"/>
         <property name="katalonVersion" value="5.7.1.1"/>
         <property name="browser" value="Chrome 70.0.3538.110"/>
         <property name="hostAddress" value="10.1.210.151"/>
         <property name="sessionId" value="2da594cc87e603b73a7494b00ea6d60d"/>
         <property name="seleniumVersion" value="3.7.1"/>
         <property name="proxyInformation" value="ProxyInformation{proxyOption=NO_PROXY, proxyServerType=HTTP, password=, proxyServerAddress=, proxyServerPort=0}"/>
         <property name="platform" value="Windows 10"/>
      </properties>
      <testcase name="Test Cases/Final/Reg as visitor" classname="Test Cases/Final/Reg as visitor" status="PASSED">
         <system-out><![CDATA[2018-12-03 13:49:09 - [TEST_CASE][PASSED] - Test Cases/Final/Reg as visitor: Test Cases/Final/Reg as visitor

2018-12-03 13:49:09 - [TEST_STEP][PASSED] - openBrowser: Browser is opened with url: ''

2018-12-03 13:49:13 - [MESSAGE][PASSED] - Browser is opened with url: ''

2018-12-03 13:49:13 - [TEST_STEP][PASSED] - maximizeWindow: Current window maximized

2018-12-03 13:49:14 - [MESSAGE][PASSED] - Current window maximized

2018-12-03 13:49:14 - [TEST_STEP][PASSED] - navigateToUrl: Navigate to 'http://www.schooolz.com/visitor/create' successfully

2018-12-03 13:49:19 - [MESSAGE][PASSED] - Navigate to 'http://www.schooolz.com/visitor/create' successfully

2018-12-03 13:49:19 - [TEST_STEP][PASSED] - delay: Delayed 3 second(s)

2018-12-03 13:49:22 - [MESSAGE][PASSED] - Delayed 3 second(s)

2018-12-03 13:49:22 - [TEST_STEP][PASSED] - setText: Text 'ZxKTwkWMVX' is set on object 'Object Repository/reg as visitor/name'

2018-12-03 13:49:23 - [MESSAGE][PASSED] - Text 'ZxKTwkWMVX' is set on object 'Object Repository/reg as visitor/name'

2018-12-03 13:49:23 - [TEST_STEP][PASSED] - delay: Delayed 3 second(s)

2018-12-03 13:49:26 - [MESSAGE][PASSED] - Delayed 3 second(s)

2018-12-03 13:49:26 - [TEST_STEP][PASSED] - setText: Text 'FpIRGUqHkf' is set on object 'Object Repository/reg as visitor/username'

2018-12-03 13:49:26 - [MESSAGE][PASSED] - Text 'FpIRGUqHkf' is set on object 'Object Repository/reg as visitor/username'

2018-12-03 13:49:26 - [TEST_STEP][PASSED] - delay: Delayed 3 second(s)

2018-12-03 13:49:29 - [MESSAGE][PASSED] - Delayed 3 second(s)

2018-12-03 13:49:29 - [TEST_STEP][PASSED] - setText: Text 'dPvjntgAny@gmail.com' is set on object 'Object Repository/reg as visitor/email'

2018-12-03 13:49:29 - [MESSAGE][PASSED] - Text 'dPvjntgAny@gmail.com' is set on object 'Object Repository/reg as visitor/email'

2018-12-03 13:49:29 - [TEST_STEP][PASSED] - delay: Delayed 3 second(s)

2018-12-03 13:49:32 - [MESSAGE][PASSED] - Delayed 3 second(s)

2018-12-03 13:49:32 - [TEST_STEP][PASSED] - setText: Text '123456789' is set on object 'Object Repository/reg as visitor/password'

2018-12-03 13:49:33 - [MESSAGE][PASSED] - Text '123456789' is set on object 'Object Repository/reg as visitor/password'

2018-12-03 13:49:33 - [TEST_STEP][PASSED] - delay: Delayed 3 second(s)

2018-12-03 13:49:36 - [MESSAGE][PASSED] - Delayed 3 second(s)

2018-12-03 13:49:36 - [TEST_STEP][PASSED] - setText: Text '123456789' is set on object 'Object Repository/reg as visitor/confirmpassword'

2018-12-03 13:49:36 - [MESSAGE][PASSED] - Text '123456789' is set on object 'Object Repository/reg as visitor/confirmpassword'

2018-12-03 13:49:36 - [TEST_STEP][PASSED] - delay: Delayed 3 second(s)

2018-12-03 13:49:39 - [MESSAGE][PASSED] - Delayed 3 second(s)

2018-12-03 13:49:39 - [TEST_STEP][NOT_RUN] - setText: NOT_RUN: setText

2018-12-03 13:49:39 - [MESSAGE][NOT_RUN] - NOT_RUN: setText

2018-12-03 13:49:39 - [TEST_STEP][PASSED] - delay: Delayed 3 second(s)

2018-12-03 13:49:42 - [MESSAGE][PASSED] - Delayed 3 second(s)

2018-12-03 13:49:42 - [TEST_STEP][PASSED] - selectOptionByValue: All options with value '1' are selected in object 'Object Repository/reg as visitor/country' 

2018-12-03 13:49:42 - [MESSAGE][PASSED] - All options with value '1' are selected in object 'Object Repository/reg as visitor/country' 

2018-12-03 13:49:42 - [TEST_STEP][PASSED] - delay: Delayed 3 second(s)

2018-12-03 13:49:45 - [MESSAGE][PASSED] - Delayed 3 second(s)

2018-12-03 13:49:45 - [TEST_STEP][PASSED] - selectOptionByIndex: All options with index in [2] are selected on object 'Object Repository/reg as visitor/city'

2018-12-03 13:49:45 - [MESSAGE][PASSED] - All options with index in [2] are selected on object 'Object Repository/reg as visitor/city'

2018-12-03 13:49:45 - [TEST_STEP][PASSED] - delay: Delayed 3 second(s)

2018-12-03 13:49:48 - [MESSAGE][PASSED] - Delayed 3 second(s)

2018-12-03 13:49:48 - [TEST_STEP][PASSED] - selectOptionByIndex: All options with index in [3] are selected on object 'Object Repository/reg as visitor/region'

2018-12-03 13:49:48 - [MESSAGE][PASSED] - All options with index in [3] are selected on object 'Object Repository/reg as visitor/region'

2018-12-03 13:49:48 - [TEST_STEP][PASSED] - delay: Delayed 3 second(s)

2018-12-03 13:49:51 - [MESSAGE][PASSED] - Delayed 3 second(s)

2018-12-03 13:49:51 - [TEST_STEP][PASSED] - setText: Text 'helioplis' is set on object 'Object Repository/reg as visitor/address'

2018-12-03 13:49:51 - [MESSAGE][PASSED] - Text 'helioplis' is set on object 'Object Repository/reg as visitor/address'

2018-12-03 13:49:51 - [TEST_STEP][PASSED] - delay: Delayed 3 second(s)

2018-12-03 13:49:54 - [MESSAGE][PASSED] - Delayed 3 second(s)

2018-12-03 13:49:54 - [TEST_STEP][PASSED] - setText: Text '10/10/2010' is set on object 'Object Repository/reg as visitor/birth date'

2018-12-03 13:49:55 - [MESSAGE][PASSED] - Text '10/10/2010' is set on object 'Object Repository/reg as visitor/birth date'

2018-12-03 13:49:55 - [TEST_STEP][PASSED] - delay: Delayed 3 second(s)

2018-12-03 13:49:58 - [MESSAGE][PASSED] - Delayed 3 second(s)

2018-12-03 13:49:58 - [TEST_STEP][NOT_RUN] - setText: NOT_RUN: setText

2018-12-03 13:49:58 - [MESSAGE][NOT_RUN] - NOT_RUN: setText

2018-12-03 13:49:58 - [TEST_STEP][PASSED] - delay: Delayed 3 second(s)

2018-12-03 13:50:01 - [MESSAGE][PASSED] - Delayed 3 second(s)

2018-12-03 13:50:01 - [TEST_STEP][PASSED] - uploadFile: File 'C:\Users\M.Kamel\git\regression2\Data Files\1.jpg' sent to object: 'Object Repository/reg as visitor/image'

2018-12-03 13:50:01 - [MESSAGE][PASSED] - File 'C:\Users\M.Kamel\git\regression2\Data Files\1.jpg' sent to object: 'Object Repository/reg as visitor/image'

2018-12-03 13:50:01 - [TEST_STEP][PASSED] - delay: Delayed 3 second(s)

2018-12-03 13:50:04 - [MESSAGE][PASSED] - Delayed 3 second(s)

2018-12-03 13:50:04 - [TEST_STEP][PASSED] - click: Object: 'Object Repository/reg as visitor/save_btn' is clicked on

2018-12-03 13:50:06 - [MESSAGE][PASSED] - Object: 'Object Repository/reg as visitor/save_btn' is clicked on]]></system-out>
         <system-err><![CDATA[]]></system-err>
      </testcase>
      <testcase name="Test Cases/Final/logout" classname="Test Cases/Final/logout" status="PASSED">
         <system-out><![CDATA[2018-12-03 13:50:06 - [TEST_CASE][PASSED] - Test Cases/Final/logout: Test Cases/Final/logout

2018-12-03 13:50:06 - [TEST_STEP][NOT_RUN] - openBrowser: NOT_RUN: openBrowser

2018-12-03 13:50:06 - [MESSAGE][NOT_RUN] - NOT_RUN: openBrowser

2018-12-03 13:50:06 - [TEST_STEP][NOT_RUN] - maximizeWindow: NOT_RUN: maximizeWindow

2018-12-03 13:50:06 - [MESSAGE][NOT_RUN] - NOT_RUN: maximizeWindow

2018-12-03 13:50:06 - [TEST_STEP][PASSED] - navigateToUrl: Navigate to 'https://www.schooolz.com' successfully

2018-12-03 13:50:16 - [MESSAGE][PASSED] - Navigate to 'https://www.schooolz.com' successfully

2018-12-03 13:50:16 - [TEST_STEP][NOT_RUN] - delay: NOT_RUN: delay

2018-12-03 13:50:16 - [MESSAGE][NOT_RUN] - NOT_RUN: delay

2018-12-03 13:50:16 - [TEST_STEP][NOT_RUN] - click: NOT_RUN: click

2018-12-03 13:50:16 - [MESSAGE][NOT_RUN] - NOT_RUN: click

2018-12-03 13:50:16 - [TEST_STEP][NOT_RUN] - delay: NOT_RUN: delay

2018-12-03 13:50:16 - [MESSAGE][NOT_RUN] - NOT_RUN: delay

2018-12-03 13:50:16 - [TEST_STEP][NOT_RUN] - setText: NOT_RUN: setText

2018-12-03 13:50:16 - [MESSAGE][NOT_RUN] - NOT_RUN: setText

2018-12-03 13:50:16 - [TEST_STEP][NOT_RUN] - delay: NOT_RUN: delay

2018-12-03 13:50:16 - [MESSAGE][NOT_RUN] - NOT_RUN: delay

2018-12-03 13:50:16 - [TEST_STEP][NOT_RUN] - setText: NOT_RUN: setText

2018-12-03 13:50:16 - [MESSAGE][NOT_RUN] - NOT_RUN: setText

2018-12-03 13:50:16 - [TEST_STEP][NOT_RUN] - delay: NOT_RUN: delay

2018-12-03 13:50:16 - [MESSAGE][NOT_RUN] - NOT_RUN: delay

2018-12-03 13:50:16 - [TEST_STEP][NOT_RUN] - click: NOT_RUN: click

2018-12-03 13:50:16 - [MESSAGE][NOT_RUN] - NOT_RUN: click

2018-12-03 13:50:16 - [TEST_STEP][PASSED] - delay: Delayed 5 second(s)

2018-12-03 13:50:21 - [MESSAGE][PASSED] - Delayed 5 second(s)

2018-12-03 13:50:21 - [TEST_STEP][PASSED] - click: Object: 'Object Repository/HomeScreen/profile_icon' is clicked on

2018-12-03 13:50:21 - [MESSAGE][PASSED] - Object: 'Object Repository/HomeScreen/profile_icon' is clicked on

2018-12-03 13:50:21 - [TEST_STEP][PASSED] - delay: Delayed 5 second(s)

2018-12-03 13:50:26 - [MESSAGE][PASSED] - Delayed 5 second(s)

2018-12-03 13:50:26 - [TEST_STEP][PASSED] - click: Object: 'Object Repository/HomeScreen/logout_button' is clicked on

2018-12-03 13:50:28 - [MESSAGE][PASSED] - Object: 'Object Repository/HomeScreen/logout_button' is clicked on]]></system-out>
         <system-err><![CDATA[]]></system-err>
      </testcase>
      <testcase name="Test Cases/Final/Login - visitor" classname="Test Cases/Final/Login - visitor" status="PASSED">
         <system-out><![CDATA[2018-12-03 13:50:28 - [TEST_CASE][PASSED] - Test Cases/Final/Login - visitor: Test Cases/Final/Login - visitor

2018-12-03 13:50:28 - [TEST_STEP][NOT_RUN] - openBrowser: NOT_RUN: openBrowser

2018-12-03 13:50:28 - [MESSAGE][NOT_RUN] - NOT_RUN: openBrowser

2018-12-03 13:50:28 - [TEST_STEP][NOT_RUN] - maximizeWindow: NOT_RUN: maximizeWindow

2018-12-03 13:50:28 - [MESSAGE][NOT_RUN] - NOT_RUN: maximizeWindow

2018-12-03 13:50:28 - [TEST_STEP][NOT_RUN] - navigateToUrl: NOT_RUN: navigateToUrl

2018-12-03 13:50:28 - [MESSAGE][NOT_RUN] - NOT_RUN: navigateToUrl

2018-12-03 13:50:28 - [TEST_STEP][PASSED] - delay: Delayed 10 second(s)

2018-12-03 13:50:38 - [MESSAGE][PASSED] - Delayed 10 second(s)

2018-12-03 13:50:38 - [TEST_STEP][PASSED] - click: Object: 'Object Repository/join to school/login_btn' is clicked on

2018-12-03 13:50:38 - [MESSAGE][PASSED] - Object: 'Object Repository/join to school/login_btn' is clicked on

2018-12-03 13:50:38 - [TEST_STEP][PASSED] - delay: Delayed 5 second(s)

2018-12-03 13:50:43 - [MESSAGE][PASSED] - Delayed 5 second(s)

2018-12-03 13:50:43 - [TEST_STEP][PASSED] - setText: Text 'visitor' is set on object 'Object Repository/HomeScreen/Username_txt'

2018-12-03 13:50:44 - [MESSAGE][PASSED] - Text 'visitor' is set on object 'Object Repository/HomeScreen/Username_txt'

2018-12-03 13:50:44 - [TEST_STEP][PASSED] - delay: Delayed 5 second(s)

2018-12-03 13:50:49 - [MESSAGE][PASSED] - Delayed 5 second(s)

2018-12-03 13:50:49 - [TEST_STEP][PASSED] - setText: Text '123456' is set on object 'Object Repository/HomeScreen/Password_txt'

2018-12-03 13:50:49 - [MESSAGE][PASSED] - Text '123456' is set on object 'Object Repository/HomeScreen/Password_txt'

2018-12-03 13:50:49 - [TEST_STEP][PASSED] - click: Object: 'Object Repository/HomeScreen/submit_btn' is clicked on

2018-12-03 13:50:51 - [MESSAGE][PASSED] - Object: 'Object Repository/HomeScreen/submit_btn' is clicked on]]></system-out>
         <system-err><![CDATA[]]></system-err>
      </testcase>
      <testcase name="Test Cases/Final/Add Review1" classname="Test Cases/Final/Add Review1" status="PASSED">
         <system-out><![CDATA[2018-12-03 13:50:51 - [TEST_CASE][PASSED] - Test Cases/Final/Add Review1: Test Cases/Final/Add Review1

2018-12-03 13:50:51 - [TEST_STEP][NOT_RUN] - openBrowser: NOT_RUN: openBrowser

2018-12-03 13:50:51 - [MESSAGE][NOT_RUN] - NOT_RUN: openBrowser

2018-12-03 13:50:51 - [TEST_STEP][NOT_RUN] - maximizeWindow: NOT_RUN: maximizeWindow

2018-12-03 13:50:51 - [MESSAGE][NOT_RUN] - NOT_RUN: maximizeWindow

2018-12-03 13:50:51 - [TEST_STEP][NOT_RUN] - navigateToUrl: NOT_RUN: navigateToUrl

2018-12-03 13:50:51 - [MESSAGE][NOT_RUN] - NOT_RUN: navigateToUrl

2018-12-03 13:50:51 - [TEST_STEP][NOT_RUN] - delay: NOT_RUN: delay

2018-12-03 13:50:51 - [MESSAGE][NOT_RUN] - NOT_RUN: delay

2018-12-03 13:50:51 - [TEST_STEP][NOT_RUN] - click: NOT_RUN: click

2018-12-03 13:50:51 - [MESSAGE][NOT_RUN] - NOT_RUN: click

2018-12-03 13:50:51 - [TEST_STEP][NOT_RUN] - delay: NOT_RUN: delay

2018-12-03 13:50:51 - [MESSAGE][NOT_RUN] - NOT_RUN: delay

2018-12-03 13:50:51 - [TEST_STEP][NOT_RUN] - setText: NOT_RUN: setText

2018-12-03 13:50:51 - [MESSAGE][NOT_RUN] - NOT_RUN: setText

2018-12-03 13:50:51 - [TEST_STEP][NOT_RUN] - delay: NOT_RUN: delay

2018-12-03 13:50:51 - [MESSAGE][NOT_RUN] - NOT_RUN: delay

2018-12-03 13:50:51 - [TEST_STEP][NOT_RUN] - setText: NOT_RUN: setText

2018-12-03 13:50:51 - [MESSAGE][NOT_RUN] - NOT_RUN: setText

2018-12-03 13:50:51 - [TEST_STEP][NOT_RUN] - delay: NOT_RUN: delay

2018-12-03 13:50:51 - [MESSAGE][NOT_RUN] - NOT_RUN: delay

2018-12-03 13:50:51 - [TEST_STEP][NOT_RUN] - click: NOT_RUN: click

2018-12-03 13:50:51 - [MESSAGE][NOT_RUN] - NOT_RUN: click

2018-12-03 13:50:51 - [TEST_STEP][PASSED] - delay: Delayed 3 second(s)

2018-12-03 13:50:54 - [MESSAGE][PASSED] - Delayed 3 second(s)

2018-12-03 13:50:54 - [TEST_STEP][PASSED] - click: Object: 'Object Repository/AddReview/schools_btn' is clicked on

2018-12-03 13:50:56 - [MESSAGE][PASSED] - Object: 'Object Repository/AddReview/schools_btn' is clicked on

2018-12-03 13:50:56 - [TEST_STEP][PASSED] - delay: Delayed 3 second(s)

2018-12-03 13:50:59 - [MESSAGE][PASSED] - Delayed 3 second(s)

2018-12-03 13:50:59 - [TEST_STEP][PASSED] - click: Object: 'Object Repository/AddReview/numbers_btn' is clicked on

2018-12-03 13:51:01 - [MESSAGE][PASSED] - Object: 'Object Repository/AddReview/numbers_btn' is clicked on

2018-12-03 13:51:01 - [TEST_STEP][PASSED] - delay: Delayed 3 second(s)

2018-12-03 13:51:04 - [MESSAGE][PASSED] - Delayed 3 second(s)

2018-12-03 13:51:04 - [TEST_STEP][PASSED] - click: Object: 'Object Repository/AddReview/rehab_school' is clicked on

2018-12-03 13:51:05 - [MESSAGE][PASSED] - Object: 'Object Repository/AddReview/rehab_school' is clicked on

2018-12-03 13:51:05 - [TEST_STEP][PASSED] - delay: Delayed 3 second(s)

2018-12-03 13:51:08 - [MESSAGE][PASSED] - Delayed 3 second(s)

2018-12-03 13:51:08 - [TEST_STEP][PASSED] - click: Object: 'Object Repository/AddReview/add_review_btn' is clicked on

2018-12-03 13:51:08 - [MESSAGE][PASSED] - Object: 'Object Repository/AddReview/add_review_btn' is clicked on

2018-12-03 13:51:08 - [TEST_STEP][PASSED] - delay: Delayed 3 second(s)

2018-12-03 13:51:11 - [MESSAGE][PASSED] - Delayed 3 second(s)

2018-12-03 13:51:11 - [TEST_STEP][PASSED] - setText: Text 'very nice' is set on object 'Object Repository/AddReview/Description_txt'

2018-12-03 13:51:12 - [MESSAGE][PASSED] - Text 'very nice' is set on object 'Object Repository/AddReview/Description_txt'

2018-12-03 13:51:12 - [TEST_STEP][PASSED] - delay: Delayed 3 second(s)

2018-12-03 13:51:15 - [MESSAGE][PASSED] - Delayed 3 second(s)

2018-12-03 13:51:15 - [TEST_STEP][PASSED] - click: Object: 'Object Repository/AddReview/ranke' is clicked on

2018-12-03 13:51:15 - [MESSAGE][PASSED] - Object: 'Object Repository/AddReview/ranke' is clicked on

2018-12-03 13:51:15 - [TEST_STEP][PASSED] - delay: Delayed 3 second(s)

2018-12-03 13:51:18 - [MESSAGE][PASSED] - Delayed 3 second(s)

2018-12-03 13:51:18 - [TEST_STEP][PASSED] - click: Object: 'Object Repository/AddReview/submit_review' is clicked on

2018-12-03 13:51:18 - [MESSAGE][PASSED] - Object: 'Object Repository/AddReview/submit_review' is clicked on]]></system-out>
         <system-err><![CDATA[]]></system-err>
      </testcase>
      <system-out><![CDATA[2018-12-03 13:49:09 - [TEST_SUITE][PASSED] - add review: Test Cases/Final/Add Review1]]></system-out>
      <system-err><![CDATA[]]></system-err>
   </testsuite>
</testsuites>
